2019-07-10 10:24:02,146 - MakePng - INFO - MAKEING GUZHI PNG...
2019-07-10 10:24:02,146 - MakePng - INFO - MAKEING GUZHI PNG...
2019-07-10 10:24:02,146 - MakePng - INFO - MAKEING GUZHI PNG...
2019-07-10 10:24:02,146 - MakePng - INFO - MAKEING GUZHI PNG...
2019-07-10 10:24:39,961 - MakePng - INFO - MAKEING SHUHUA PNG...
2019-07-10 10:24:46,014 - MakePng - INFO - MAKEING XIANGJIAO PNG...
2019-07-10 10:24:49,431 - MakePng - INFO - MAKEING JIACHUN PNG...
2019-07-10 10:24:54,563 - MakePng - INFO - MAKEING GUZHI PNG...
2019-07-10 10:24:55,359 - MakePng - INFO - MAKEING YOUZHI PNG...
2019-07-10 10:24:56,578 - MakePng - INFO - MAKEING YUANYOU PNG...
2019-07-10 10:27:11,053 - MakePng - INFO - MAKEING SHUHUA PNG...
2019-07-10 10:27:16,918 - MakePng - INFO - MAKEING XIANGJIAO PNG...
2019-07-10 10:27:20,194 - MakePng - INFO - MAKEING JIACHUN PNG...
2019-07-10 10:27:25,389 - MakePng - INFO - MAKEING GUZHI PNG...
2019-07-10 10:27:26,247 - MakePng - INFO - MAKEING YOUZHI PNG...
2019-07-10 10:27:27,027 - MakePng - INFO - MAKEING YUANYOU PNG...
2019-07-10 10:27:31,223 - MakePng - INFO - MAKEING YUANYOU PNG...
2019-07-10 10:27:33,407 - MakePng - INFO - MAKEING SHUHUA PNG...
2019-07-10 10:32:32,852 - MakePng - INFO - MAKEING GUZHI PNG...
2019-07-10 10:32:33,710 - MakePng - INFO - MAKEING YUANYOU PNG...
2019-07-10 10:33:02,539 - MakePng - INFO - MAKEING GUZHI PNG...
2019-07-10 10:33:13,101 - MakePng - INFO - MAKEING SHUHUA PNG...
2019-07-10 10:33:16,268 - MakePng - INFO - MAKEING XIANGJIAO PNG...
2019-07-10 10:33:18,218 - MakePng - INFO - MAKEING JIACHUN PNG...
2019-07-10 10:33:21,604 - MakePng - INFO - MAKEING GUZHI PNG...
2019-07-10 10:33:22,337 - MakePng - INFO - MAKEING YOUZHI PNG...
2019-07-10 10:33:23,086 - MakePng - INFO - MAKEING YUANYOU PNG...
2019-07-10 10:48:12,737 - MakePng - INFO - MAKEING SHUHUA PNG...
2019-07-10 10:48:16,715 - MakePng - INFO - MAKEING XIANGJIAO PNG...
2019-07-10 10:48:19,197 - MakePng - INFO - MAKEING JIACHUN PNG...
2019-07-10 10:48:22,739 - MakePng - INFO - MAKEING GUZHI PNG...
2019-07-10 10:48:23,768 - MakePng - INFO - MAKEING YOUZHI PNG...
2019-07-10 10:48:24,611 - MakePng - INFO - MAKEING YUANYOU PNG...
2019-07-10 10:50:32,029 - MakePng - INFO - MAKEING SHUHUA PNG...
2019-07-10 10:50:35,398 - MakePng - INFO - MAKEING XIANGJIAO PNG...
2019-07-10 10:50:37,411 - MakePng - INFO - MAKEING JIACHUN PNG...
2019-07-10 10:50:40,765 - MakePng - INFO - MAKEING GUZHI PNG...
2019-07-10 10:50:41,701 - MakePng - INFO - MAKEING YOUZHI PNG...
2019-07-10 10:50:42,496 - MakePng - INFO - MAKEING YUANYOU PNG...
2019-07-10 10:53:30,514 - MakePng - INFO - MAKEING SHUHUA PNG...
2019-07-10 10:53:33,743 - MakePng - INFO - MAKEING XIANGJIAO PNG...
2019-07-10 10:53:35,864 - MakePng - INFO - MAKEING JIACHUN PNG...
2019-07-10 10:53:39,874 - MakePng - INFO - MAKEING GUZHI PNG...
2019-07-10 10:55:05,206 - MakePng - INFO - MAKEING XIANGJIAO PNG...
2019-07-10 11:11:44,100 - MakePng - INFO - MAKEING XIANGJIAO PNG...
