2019-06-18 16:44:55,409 - MakePng - INFO - MAKEING YUANYOU PNG...
2019-06-18 16:45:41,757 - MakePng - INFO - MAKEING YUANYOU PNG...
2019-06-18 16:45:51,023 - MakePng - INFO - MAKEING YUANYOU PNG...
2019-06-18 16:46:29,620 - MakePng - INFO - MAKEING YUANYOU PNG...
2019-06-18 16:46:56,577 - MakePng - INFO - MAKEING YUANYOU PNG...
2019-06-18 16:47:10,679 - MakePng - INFO - MAKEING YUANYOU PNG...
2019-06-18 16:48:28,176 - MakePng - INFO - MAKEING YUANYOU PNG...
2019-06-18 16:49:05,007 - MakePng - INFO - MAKEING YUANYOU PNG...
2019-06-18 16:51:32,804 - MakePng - INFO - MAKEING GUZHI PNG...
2019-06-18 16:53:44,272 - MakePng - INFO - MAKEING XIANGJIAO PNG...
2019-06-18 16:54:29,185 - MakePng - INFO - MAKEING XIANGJIAO PNG...
2019-06-18 16:55:59,104 - MakePng - INFO - MAKEING XIANGJIAO PNG...
2019-06-18 16:56:54,423 - MakePng - INFO - MAKEING XIANGJIAO PNG...
2019-06-18 16:57:51,909 - MakePng - INFO - MAKEING SHUHUA PNG...
2019-06-18 17:01:41,448 - MakePng - INFO - MAKEING GUZHI PNG...
2019-06-18 17:03:42,005 - MakePng - INFO - MAKEING XIANGJIAO PNG...
2019-06-18 17:04:24,721 - MakePng - INFO - MAKEING PTA PNG...
2019-06-18 17:05:55,543 - MakePng - INFO - MAKEING GUZHI PNG...
2019-06-18 17:06:14,700 - MakePng - INFO - MAKEING GUZHI PNG...
2019-06-18 17:07:08,044 - MakePng - INFO - MAKEING GUZHI PNG...
2019-06-18 17:07:57,933 - MakePng - INFO - MAKEING SHUHUA PNG...
2019-06-18 17:07:57,933 - MakePng - INFO - MAKEING SHUHUA PNG...
2019-06-18 17:07:57,933 - MakePng - INFO - MAKEING SHUHUA PNG...
2019-06-18 17:07:57,933 - MakePng - INFO - MAKEING SHUHUA PNG...
2019-06-18 17:08:04,376 - MakePng - INFO - MAKEING XIANGJIAO PNG...
2019-06-18 17:08:04,376 - MakePng - INFO - MAKEING XIANGJIAO PNG...
2019-06-18 17:08:04,376 - MakePng - INFO - MAKEING XIANGJIAO PNG...
2019-06-18 17:08:04,376 - MakePng - INFO - MAKEING XIANGJIAO PNG...
2019-06-18 17:08:09,056 - MakePng - INFO - MAKEING JIACHUN PNG...
2019-06-18 17:08:09,056 - MakePng - INFO - MAKEING JIACHUN PNG...
2019-06-18 17:08:09,056 - MakePng - INFO - MAKEING JIACHUN PNG...
2019-06-18 17:08:09,056 - MakePng - INFO - MAKEING JIACHUN PNG...
2019-06-18 17:08:15,031 - MakePng - INFO - MAKEING GUZHI PNG...
2019-06-18 17:08:15,031 - MakePng - INFO - MAKEING GUZHI PNG...
2019-06-18 17:08:15,031 - MakePng - INFO - MAKEING GUZHI PNG...
2019-06-18 17:08:15,031 - MakePng - INFO - MAKEING GUZHI PNG...
2019-06-18 17:08:48,633 - MakePng - INFO - MAKEING YUANYOU PNG...
2019-06-18 17:09:11,768 - MakePng - INFO - MAKEING YUANYOU PNG...
2019-06-18 17:22:50,884 - MakePng - INFO - MAKEING GUZHI PNG...
2019-06-18 17:40:42,575 - MakePng - INFO - MAKEING SHUHUA PNG...
