2019-07-26 13:11:37,276 - YUMI - INFO - 正在采集期货行情...
2019-07-26 13:14:42,792 - YUMI - INFO - 正在采集期货行情...
2019-07-26 13:14:43,836 - YUMI - INFO - 正在采集期货行情...
2019-07-26 13:14:45,044 - YUMI - INFO - 正在采集期货行情...
2019-07-26 13:15:08,582 - YUMI - INFO - 正在采集期货行情...
2019-07-26 13:15:09,107 - YUMI - INFO - 正在采集期货行情...
2019-07-26 13:15:10,295 - YUMI - INFO - 正在采集跨品种行情...
2019-07-26 13:18:33,495 - YUMI - INFO - 正在采集基差
2019-07-26 13:22:36,933 - YUMI - INFO - 正在采集基差
2019-07-26 13:26:07,800 - YUMI - INFO - 正在采集基差
2019-07-26 13:36:23,818 - YUMI - INFO - 正在采集现货库存...
2019-07-26 13:41:45,387 - YOUZHI - INFO - 正在采集期货行情...
2019-07-26 13:41:46,083 - YOUZHI - INFO - 正在采集期货行情...
2019-07-26 13:41:47,218 - YOUZHI - INFO - 正在采集期货行情...
2019-07-26 13:41:48,391 - YOUZHI - INFO - 正在采集期货行情...
2019-07-26 13:41:49,589 - YOUZHI - INFO - 正在采集期货行情...
2019-07-26 13:41:52,954 - YOUZHI - INFO - 正在采集基差
2019-07-26 13:41:57,410 - YOUZHI - INFO - 正在采集压榨利润
2019-07-26 13:41:58,258 - YOUZHI - INFO - 正在采集到岗成本
2019-07-26 13:41:58,915 - YOUZHI - INFO - 正在采集升贴水
2019-07-26 13:42:02,208 - YOUZHI - INFO - 油脂信息写入成功!
2019-07-26 13:42:17,069 - YOUZHI - INFO - 正在采集期货行情...
2019-07-26 13:42:17,796 - YOUZHI - INFO - 正在采集期货行情...
2019-07-26 13:42:19,445 - YOUZHI - INFO - 正在采集期货行情...
2019-07-26 13:42:20,663 - YOUZHI - INFO - 正在采集期货行情...
2019-07-26 13:42:21,868 - YOUZHI - INFO - 正在采集期货行情...
2019-07-26 13:42:25,164 - YOUZHI - INFO - 正在采集基差
2019-07-26 13:42:29,655 - YOUZHI - INFO - 正在采集压榨利润
2019-07-26 13:42:30,321 - YOUZHI - INFO - 正在采集到岗成本
2019-07-26 13:42:31,899 - YOUZHI - INFO - 正在采集升贴水
2019-07-26 13:42:35,109 - YOUZHI - INFO - 油脂信息写入成功!
2019-07-26 13:43:27,448 - YUMI - INFO - 正在采集现货库存...
2019-07-26 13:48:13,767 - YUMI - INFO - 正在采集现货库存...
2019-07-26 13:49:10,593 - YUMI - INFO - 正在采集现货库存...
2019-07-26 13:51:14,950 - YUMI - INFO - 正在采集期货行情...
2019-07-26 13:51:15,636 - YUMI - INFO - 正在采集期货行情...
2019-07-26 13:51:16,902 - YUMI - INFO - 正在采集跨品种行情...
2019-07-26 13:51:18,170 - YUMI - INFO - 正在采集基差
2019-07-26 13:51:20,922 - YUMI - INFO - 正在采集现货库存...
2019-07-26 13:51:22,448 - YUMI - INFO - 正在采集现货库存...
2019-07-26 13:51:22,806 - YUMI - INFO - 正在采集现货库存...
2019-07-26 13:54:01,738 - YUMI - INFO - 正在采集期货行情...
2019-07-26 13:54:02,266 - YUMI - INFO - 正在采集期货行情...
2019-07-26 13:54:03,478 - YUMI - INFO - 正在采集跨品种行情...
2019-07-26 13:54:04,698 - YUMI - INFO - 正在采集基差
2019-07-26 13:54:07,568 - YUMI - INFO - 正在采集现货库存...
2019-07-26 13:54:09,095 - YUMI - INFO - 正在采集现货库存...
2019-07-26 13:54:09,864 - YUMI - INFO - 正在采集现货库存...
2019-07-26 13:54:10,835 - YUMI - INFO - 油脂信息写入成功!
2019-07-26 14:03:37,540 - YUMI - INFO - 正在采集期货行情...
2019-07-26 14:03:38,221 - YUMI - INFO - 正在采集期货行情...
2019-07-26 14:03:39,367 - YUMI - INFO - 正在采集跨品种行情...
2019-07-26 14:03:40,784 - YUMI - INFO - 正在采集基差
2019-07-26 14:03:43,305 - YUMI - INFO - 正在采集基差
2019-07-26 14:04:03,231 - YUMI - INFO - 正在采集期货行情...
2019-07-26 14:04:03,900 - YUMI - INFO - 正在采集期货行情...
2019-07-26 14:04:04,971 - YUMI - INFO - 正在采集跨品种行情...
2019-07-26 14:04:06,187 - YUMI - INFO - 正在采集基差
2019-07-26 14:04:08,641 - YUMI - INFO - 正在采集基差
2019-07-26 14:04:10,742 - YUMI - INFO - 正在采集现货库存...
2019-07-26 14:04:11,175 - YUMI - INFO - 正在采集玉米库存...
2019-07-26 14:04:12,406 - YUMI - INFO - 正在采集进口利润...
2019-07-26 14:04:12,781 - YUMI - INFO - 正在采集现货库存...
2019-07-26 14:04:13,662 - YUMI - INFO - 玉米信息写入成功!
2019-07-26 14:06:25,838 - YUMI - INFO - 正在采集期货行情...
2019-07-26 14:06:26,352 - YUMI - INFO - 正在采集期货行情...
2019-07-26 14:06:27,693 - YUMI - INFO - 正在采集跨品种行情...
2019-07-26 14:06:28,766 - YUMI - INFO - 正在采集基差
2019-07-26 14:06:32,836 - YUMI - INFO - 正在采集期货行情...
2019-07-26 14:06:33,402 - YUMI - INFO - 正在采集期货行情...
2019-07-26 14:06:34,568 - YUMI - INFO - 正在采集跨品种行情...
2019-07-26 14:06:35,734 - YUMI - INFO - 正在采集基差
2019-07-26 14:06:37,813 - YUMI - INFO - 正在采集基差
2019-07-26 14:08:26,745 - YUMI - INFO - 正在采集期货行情...
2019-07-26 14:08:27,459 - YUMI - INFO - 正在采集期货行情...
2019-07-26 14:08:28,720 - YUMI - INFO - 正在采集跨品种行情...
2019-07-26 14:08:30,056 - YUMI - INFO - 正在采集基差
2019-07-26 14:08:32,165 - YUMI - INFO - 正在采集基差
2019-07-26 14:09:32,261 - YUMI - INFO - 正在采集期货行情...
2019-07-26 14:09:32,842 - YUMI - INFO - 正在采集期货行情...
2019-07-26 14:09:34,077 - YUMI - INFO - 正在采集跨品种行情...
2019-07-26 14:09:35,177 - YUMI - INFO - 正在采集基差
2019-07-26 14:09:37,302 - YUMI - INFO - 正在采集基差
2019-07-26 14:09:39,495 - YUMI - INFO - 正在采集现货库存...
2019-07-26 14:09:39,717 - YUMI - INFO - 正在采集玉米库存...
2019-07-26 14:09:40,926 - YUMI - INFO - 正在采集进口利润...
2019-07-26 14:09:41,042 - YUMI - INFO - 正在采集现货库存...
2019-07-26 14:09:41,957 - YUMI - INFO - 玉米信息写入成功!
2019-07-26 14:15:25,141 - YUMI - INFO - 正在采集进口利润...
2019-07-26 14:16:02,255 - YUMI - INFO - 正在采集期货行情...
2019-07-26 14:16:02,772 - YUMI - INFO - 正在采集期货行情...
2019-07-26 14:16:04,041 - YUMI - INFO - 正在采集跨品种行情...
2019-07-26 14:16:05,177 - YUMI - INFO - 正在采集基差
2019-07-26 14:16:07,238 - YUMI - INFO - 正在采集基差
2019-07-26 14:16:09,349 - YUMI - INFO - 正在采集现货库存...
2019-07-26 14:16:09,647 - YUMI - INFO - 正在采集玉米库存...
2019-07-26 14:16:10,873 - YUMI - INFO - 正在采集进口利润...
2019-07-26 14:16:11,413 - YUMI - INFO - 正在采集现货库存...
2019-07-26 14:16:12,242 - YUMI - INFO - 玉米信息写入成功!
2019-07-26 14:17:45,133 - YUMI - INFO - 正在采集现货库存...
2019-07-26 14:18:24,486 - YUMI - INFO - 正在采集期货行情...
2019-07-26 14:18:25,326 - YUMI - INFO - 正在采集期货行情...
2019-07-26 14:18:26,227 - YUMI - INFO - 正在采集跨品种行情...
2019-07-26 14:18:27,448 - YUMI - INFO - 正在采集基差
2019-07-26 14:18:29,860 - YUMI - INFO - 正在采集基差
2019-07-26 14:18:31,722 - YUMI - INFO - 正在采集现货库存...
2019-07-26 14:18:31,945 - YUMI - INFO - 正在采集玉米库存...
2019-07-26 14:18:33,185 - YUMI - INFO - 正在采集进口利润...
2019-07-26 14:18:33,307 - YUMI - INFO - 正在采集山东潍坊...
2019-07-26 14:18:34,280 - YUMI - INFO - 玉米信息写入成功!
