2019-07-09 17:57:48,853 - JIACHUN - INFO - 正在采集品种分析内容...
2019-07-09 17:57:50,383 - JIACHUN - ERROR - 未获取品种分析页面
2019-07-09 17:57:50,384 - JIACHUN - INFO - 正在采集期货行情...
2019-07-09 17:57:50,701 - JIACHUN - INFO - 正在采集现货行情...
2019-07-09 17:57:52,093 - JIACHUN - INFO - 正在采集基差或PP利润...
2019-07-09 17:57:52,551 - JIACHUN - INFO - 正在采集价差...
2019-07-09 17:57:53,017 - JIACHUN - INFO - 正在采集净多单...
2019-07-09 17:57:56,969 - JIACHUN - INFO - 正在采集现货库存...
2019-07-09 17:57:57,220 - JIACHUN - INFO - 正在采集基差或PP利润...
2019-07-09 17:57:57,408 - JIACHUN - INFO - 正在采集进口利润...
2019-07-09 17:57:59,264 - JIACHUN - INFO - 甲醇信息写入成功!
2019-07-09 17:58:07,537 - GUZHI - INFO - 正在采集期货行情...
2019-07-09 17:58:08,128 - GUZHI - INFO - 正在采集期货行情...
2019-07-09 17:58:09,356 - GUZHI - INFO - 正在采集期货行情...
2019-07-09 17:58:10,691 - GUZHI - INFO - 正在采集期货行情...
2019-07-09 17:58:11,778 - GUZHI - INFO - 正在采集净空持仓...
2019-07-09 17:58:12,216 - GUZHI - INFO - 正在采集净空单...
2019-07-09 17:58:14,476 - GUZHI - INFO - 正在采集热点板块...
2019-07-09 17:58:26,844 - GUZHI - INFO - 股指信息写入成功!
2019-07-09 17:58:29,766 - SHUHUA - INFO - 正在采集品种分析内容...
2019-07-09 17:58:30,340 - SHUHUA - INFO - 正在采集期货行情...
2019-07-09 17:58:32,078 - SHUHUA - INFO - 正在采集现货行情...
2019-07-09 17:58:34,871 - SHUHUA - INFO - 正在采集净多单...
2019-07-09 17:58:36,593 - SHUHUA - INFO - 正在采集基差...
2019-07-09 17:58:37,570 - SHUHUA - INFO - 正在采集价差...
2019-07-09 17:58:37,571 - SHUHUA - INFO - 正在采集现货库存...
2019-07-09 17:58:37,849 - SHUHUA - INFO - 正在采集现货库存...
2019-07-09 17:58:38,134 - SHUHUA - INFO - 正在采集现货库存...
2019-07-09 17:58:39,268 - SHUHUA - INFO - 塑化信息写入成功!
2019-07-09 17:58:41,841 - PTA - INFO - 正在采集品种分析内容...
2019-07-09 17:58:42,288 - PTA - INFO - 正在采集期货行情...
2019-07-09 17:58:43,093 - PTA - INFO - 正在采集现货行情...
2019-07-09 17:58:44,587 - PTA - INFO - 正在采集净多单...
2019-07-09 17:58:44,720 - PTA - INFO - 正在采集现货库存...
2019-07-09 17:58:45,006 - PTA - INFO - 正在采集现货库存...
2019-07-09 17:58:45,690 - PTA - INFO - PTA信息写入成功!
2019-07-09 17:58:48,103 - YOUZHI - INFO - 正在采集期货行情...
2019-07-09 17:58:48,648 - YOUZHI - INFO - 正在采集期货行情...
2019-07-09 17:58:49,832 - YOUZHI - INFO - 正在采集期货行情...
2019-07-09 17:58:51,402 - YOUZHI - INFO - 正在采集期货行情...
2019-07-09 17:58:53,854 - YOUZHI - INFO - 正在采集期货行情...
2019-07-09 17:58:57,270 - YOUZHI - INFO - 正在采集基差
2019-07-09 17:59:01,504 - YOUZHI - INFO - 正在采集压榨利润
2019-07-09 17:59:02,110 - YOUZHI - INFO - 正在采集到岗成本
2019-07-09 17:59:02,879 - YOUZHI - INFO - 正在采集升贴水
2019-07-09 17:59:06,208 - YOUZHI - INFO - 油脂信息写入成功!
2019-07-09 17:59:08,559 - XIANGJIAO - INFO - 正在采集品种分析内容...
2019-07-09 17:59:11,443 - XIANGJIAO - INFO - 正在采集期货行情...
2019-07-09 17:59:11,548 - XIANGJIAO - INFO - 正在采集现货行情...
2019-07-09 17:59:11,955 - XIANGJIAO - INFO - 正在采集基差...
2019-07-09 17:59:12,338 - XIANGJIAO - INFO - 正在采集净多单...
2019-07-09 17:59:13,587 - XIANGJIAO - INFO - 正在采集现货价格或者现货库存...
2019-07-09 17:59:13,764 - XIANGJIAO - INFO - 正在采集现货价格或者现货库存...
2019-07-09 17:59:13,863 - XIANGJIAO - INFO - 正在采集外盘期货...
2019-07-09 17:59:15,157 - XIANGJIAO - INFO - 橡胶信息写入成功!
