2019-06-21 09:10:20,176 - SHUHUA - INFO - 正在采集品种分析内容...
2019-06-21 09:10:20,208 - SHUHUA - INFO - 正在采集品种分析内容...
2019-06-21 09:10:20,207 - PTA - INFO - 正在采集品种分析内容...
2019-06-21 09:10:20,610 - JIACHUN - INFO - 正在采集品种分析内容...
2019-06-21 09:10:20,631 - GUZHI - INFO - 正在采集品种分析内容...
2019-06-21 09:10:21,828 - GUZHI - ERROR - 未获取品种分析页面
2019-06-21 09:10:21,829 - GUZHI - INFO - 正在采集期货行情...
2019-06-21 09:10:22,250 - JIACHUN - INFO - 正在采集期货行情...
2019-06-21 09:10:22,518 - PTA - INFO - 正在采集期货行情...
2019-06-21 09:10:22,775 - JIACHUN - INFO - 正在采集现货行情...
2019-06-21 09:10:22,872 - GUZHI - INFO - 正在采集期货行情...
2019-06-21 09:10:23,114 - GUZHI - INFO - 正在采集现货行情...
2019-06-21 09:10:23,289 - SHUHUA - INFO - 正在采集期货行情...
2019-06-21 09:10:23,496 - PTA - INFO - 正在采集现货行情...
2019-06-21 09:10:24,189 - SHUHUA - INFO - 正在采集期货行情...
2019-06-21 09:10:25,600 - PTA - INFO - 正在采集净多单...
2019-06-21 09:10:25,742 - PTA - INFO - 正在采集现货库存...
2019-06-21 09:10:26,287 - SHUHUA - INFO - 正在采集现货行情...
2019-06-21 09:10:26,704 - GUZHI - INFO - 正在采集期货行情...
2019-06-21 09:10:27,895 - PTA - INFO - 正在采集现货库存...
2019-06-21 09:10:28,541 - JIACHUN - INFO - 正在采集基差或PP利润...
2019-06-21 09:10:29,032 - SHUHUA - INFO - 正在采集基差...
2019-06-21 09:10:29,672 - GUZHI - INFO - 正在采集SC基差...
2019-06-21 09:10:31,078 - PTA - INFO - PTA信息写入成功!
2019-06-21 09:10:31,202 - JIACHUN - INFO - 正在采集价差...
2019-06-21 09:10:31,462 - SHUHUA - INFO - 正在采集净多单...
2019-06-21 09:10:32,387 - GUZHI - INFO - 正在采集WTI和Brent基差...
2019-06-21 09:10:32,692 - SHUHUA - INFO - 正在采集现货价格或者现货库存...
2019-06-21 09:10:32,905 - JIACHUN - INFO - 正在采集净多单...
2019-06-21 09:10:33,452 - SHUHUA - INFO - 正在采集现货价格或者现货库存...
2019-06-21 09:10:33,606 - GUZHI - INFO - 正在采集期货行情...
2019-06-21 09:10:34,167 - JIACHUN - INFO - 正在采集现货库存...
2019-06-21 09:10:34,543 - GUZHI - INFO - 正在采集WTI和Brent基差...
2019-06-21 09:10:34,714 - SHUHUA - INFO - 正在采集现货行情...
2019-06-21 09:10:34,843 - JIACHUN - INFO - 正在采集基差或PP利润...
2019-06-21 09:10:35,348 - SHUHUA - INFO - 正在采集外盘期货...
2019-06-21 09:10:36,207 - GUZHI - INFO - 正在采集开工率...
2019-06-21 09:10:36,845 - JIACHUN - INFO - 正在采集进口利润...
2019-06-21 09:10:38,095 - GUZHI - INFO - 正在采集库存...
2019-06-21 09:10:38,163 - SHUHUA - INFO - 橡胶信息写入成功!
2019-06-21 09:10:39,298 - GUZHI - INFO - 正在采集期货行情...
2019-06-21 09:10:40,100 - GUZHI - INFO - 正在采集持仓...
2019-06-21 09:10:42,703 - JIACHUN - INFO - 甲醇信息写入成功!
2019-06-21 09:10:43,436 - GUZHI - INFO - 原油信息写入成功!
2019-06-21 09:10:43,639 - GUZHI - INFO - 正在采集净空持仓...
2019-06-21 09:10:44,324 - SHUHUA - INFO - 正在采集净多单...
2019-06-21 09:10:46,189 - SHUHUA - INFO - 正在采集基差...
2019-06-21 09:10:47,414 - SHUHUA - INFO - 正在采集价差...
2019-06-21 09:10:47,414 - SHUHUA - INFO - 正在采集现货库存...
2019-06-21 09:10:47,904 - SHUHUA - INFO - 正在采集现货库存...
2019-06-21 09:10:48,174 - SHUHUA - INFO - 正在采集现货库存...
2019-06-21 09:10:49,678 - SHUHUA - INFO - 塑化信息写入成功!
2019-06-21 09:11:43,024 - GUZHI - INFO - 正在采集期货行情...
2019-06-21 09:11:43,604 - GUZHI - INFO - 正在采集期货行情...
2019-06-21 09:11:44,928 - GUZHI - INFO - 正在采集期货行情...
2019-06-21 09:11:46,046 - GUZHI - INFO - 正在采集期货行情...
2019-06-21 09:11:47,202 - GUZHI - INFO - 正在采集净空持仓...
2019-06-21 09:11:47,516 - GUZHI - INFO - 正在采集净空单...
2019-06-21 09:11:48,991 - GUZHI - INFO - 正在采集热点板块...
2019-06-21 09:12:09,262 - GUZHI - INFO - 股指信息写入成功!
2019-06-21 09:12:14,024 - JIACHUN - INFO - 正在采集品种分析内容...
2019-06-21 09:12:14,480 - JIACHUN - INFO - 正在采集期货行情...
2019-06-21 09:12:14,706 - JIACHUN - INFO - 正在采集现货行情...
2019-06-21 09:12:15,701 - PTA - INFO - 正在采集品种分析内容...
2019-06-21 09:12:16,119 - JIACHUN - INFO - 正在采集基差或PP利润...
2019-06-21 09:12:16,339 - PTA - INFO - 正在采集期货行情...
2019-06-21 09:12:16,743 - JIACHUN - INFO - 正在采集价差...
2019-06-21 09:12:16,900 - PTA - INFO - 正在采集现货行情...
2019-06-21 09:12:17,498 - JIACHUN - INFO - 正在采集净多单...
2019-06-21 09:12:18,013 - SHUHUA - INFO - 正在采集品种分析内容...
2019-06-21 09:12:18,578 - PTA - INFO - 正在采集净多单...
2019-06-21 09:12:18,695 - JIACHUN - INFO - 正在采集现货库存...
2019-06-21 09:12:18,705 - PTA - INFO - 正在采集现货库存...
2019-06-21 09:12:18,871 - JIACHUN - INFO - 正在采集基差或PP利润...
2019-06-21 09:12:18,927 - PTA - INFO - 正在采集现货库存...
2019-06-21 09:12:19,100 - JIACHUN - INFO - 正在采集进口利润...
2019-06-21 09:12:19,627 - SHUHUA - INFO - 正在采集品种分析内容...
2019-06-21 09:12:19,717 - SHUHUA - INFO - 正在采集期货行情...
2019-06-21 09:12:20,358 - PTA - INFO - PTA信息写入成功!
2019-06-21 09:12:20,756 - GUZHI - INFO - 正在采集品种分析内容...
2019-06-21 09:12:21,019 - GUZHI - ERROR - 未获取品种分析页面
2019-06-21 09:12:21,020 - GUZHI - INFO - 正在采集期货行情...
2019-06-21 09:12:22,668 - SHUHUA - INFO - 正在采集期货行情...
2019-06-21 09:12:23,535 - GUZHI - INFO - 正在采集现货行情...
2019-06-21 09:12:23,565 - JIACHUN - INFO - 甲醇信息写入成功!
2019-06-21 09:12:24,129 - SHUHUA - INFO - 正在采集现货行情...
2019-06-21 09:12:25,522 - SHUHUA - INFO - 正在采集基差...
2019-06-21 09:12:26,004 - SHUHUA - INFO - 正在采集现货行情...
2019-06-21 09:12:26,663 - SHUHUA - INFO - 正在采集净多单...
2019-06-21 09:12:27,395 - GUZHI - INFO - 正在采集SC基差...
2019-06-21 09:12:27,865 - SHUHUA - INFO - 正在采集现货价格或者现货库存...
2019-06-21 09:12:27,958 - SHUHUA - INFO - 正在采集现货价格或者现货库存...
2019-06-21 09:12:28,682 - GUZHI - INFO - 正在采集WTI和Brent基差...
2019-06-21 09:12:29,079 - SHUHUA - INFO - 正在采集外盘期货...
2019-06-21 09:12:29,685 - GUZHI - INFO - 正在采集WTI和Brent基差...
2019-06-21 09:12:31,164 - GUZHI - INFO - 正在采集开工率...
2019-06-21 09:12:31,211 - SHUHUA - INFO - 橡胶信息写入成功!
2019-06-21 09:12:32,268 - GUZHI - INFO - 正在采集库存...
2019-06-21 09:12:32,576 - SHUHUA - INFO - 正在采集净多单...
2019-06-21 09:12:32,920 - GUZHI - INFO - 正在采集持仓...
2019-06-21 09:12:34,017 - SHUHUA - INFO - 正在采集基差...
2019-06-21 09:12:35,263 - GUZHI - INFO - 原油信息写入成功!
2019-06-21 09:12:35,694 - SHUHUA - INFO - 正在采集价差...
2019-06-21 09:12:35,694 - SHUHUA - INFO - 正在采集现货库存...
2019-06-21 09:12:36,000 - SHUHUA - INFO - 正在采集现货库存...
2019-06-21 09:12:36,589 - SHUHUA - INFO - 正在采集现货库存...
2019-06-21 09:12:37,445 - SHUHUA - INFO - 塑化信息写入成功!
2019-06-21 17:49:25,862 - GUZHI - INFO - 正在采集品种分析内容...
2019-06-21 17:49:25,865 - GUZHI - INFO - 正在采集期货行情...

.

2019-06-21 17:49:26,666 - GUZHI - INFO - 正在采集期货行情...
2019-06-21 17:49:27,407 - GUZHI - ERROR - 未获取品种分析页面
2019-06-21 17:49:27,407 - GUZHI - INFO - 正在采集期货行情...
2019-06-21 17:49:27,736 - JIACHUN - INFO - 正在采集期货行情...
2019-06-21 17:49:28,118 - PTA - INFO - 正在采集期货行情...
2019-06-21 17:49:28,277 - SHUHUA - INFO - 正在采集期货行情...
2019-06-21 17:49:28,342 - GUZHI - INFO - 正在采集期货行情...
2019-06-21 17:49:28,689 - JIACHUN - INFO - 正在采集现货行情...
2019-06-21 17:49:29,084 - GUZHI - INFO - 正在采集现货行情...
2019-06-21 17:49:29,533 - PTA - INFO - 正在采集现货行情...
2019-06-21 17:49:29,541 - SHUHUA - INFO - 正在采集期货行情...
2019-06-21 17:49:32,024 - SHUHUA - INFO - 正在采集现货行情...
2019-06-21 17:49:32,995 - PTA - INFO - 正在采集净多单...
2019-06-21 17:49:33,130 - PTA - INFO - 正在采集现货库存...
2019-06-21 17:49:33,889 - SHUHUA - INFO - 正在采集基差...
2019-06-21 17:49:34,291 - GUZHI - INFO - 正在采集期货行情...
2019-06-21 17:49:35,371 - PTA - INFO - 正在采集现货库存...
2019-06-21 17:49:35,717 - JIACHUN - INFO - 正在采集基差或PP利润...
2019-06-21 17:49:35,924 - GUZHI - INFO - 正在采集SC基差...
2019-06-21 17:49:36,301 - SHUHUA - INFO - 正在采集净多单...
2019-06-21 17:49:37,511 - SHUHUA - INFO - 正在采集现货价格或者现货库存...
2019-06-21 17:49:38,269 - PTA - INFO - PTA信息写入成功!
2019-06-21 17:49:38,332 - JIACHUN - INFO - 正在采集价差...
2019-06-21 17:49:38,630 - GUZHI - INFO - 正在采集WTI和Brent基差...
2019-06-21 17:49:38,734 - SHUHUA - INFO - 正在采集现货价格或者现货库存...
2019-06-21 17:49:39,624 - SHUHUA - INFO - 正在采集现货行情...
2019-06-21 17:49:40,256 - JIACHUN - INFO - 正在采集净多单...
2019-06-21 17:49:40,532 - GUZHI - INFO - 正在采集WTI和Brent基差...
2019-06-21 17:49:40,794 - SHUHUA - INFO - 正在采集外盘期货...
2019-06-21 17:49:41,326 - GUZHI - INFO - 正在采集净空持仓...
2019-06-21 17:49:41,453 - JIACHUN - INFO - 正在采集现货库存...
2019-06-21 17:49:41,668 - GUZHI - INFO - 正在采集净空单...
2019-06-21 17:49:42,120 - JIACHUN - INFO - 正在采集基差或PP利润...
2019-06-21 17:49:42,529 - GUZHI - INFO - 正在采集开工率...
2019-06-21 17:49:43,132 - GUZHI - INFO - 正在采集热点板块...
2019-06-21 17:49:43,909 - SHUHUA - INFO - 橡胶信息写入成功!
2019-06-21 17:49:44,507 - JIACHUN - INFO - 正在采集进口利润...
2019-06-21 17:49:44,575 - GUZHI - INFO - 正在采集库存...
2019-06-21 17:49:45,845 - GUZHI - INFO - 正在采集持仓...
2019-06-21 17:49:48,435 - JIACHUN - INFO - 甲醇信息写入成功!
2019-06-21 17:49:48,630 - SHUHUA - INFO - 正在采集净多单...
2019-06-21 17:49:48,750 - GUZHI - INFO - 原油信息写入成功!
2019-06-21 17:49:50,077 - SHUHUA - INFO - 正在采集基差...
2019-06-21 17:49:51,290 - SHUHUA - INFO - 正在采集价差...
2019-06-21 17:49:51,290 - SHUHUA - INFO - 正在采集现货库存...
2019-06-21 17:49:51,470 - SHUHUA - INFO - 正在采集现货库存...
2019-06-21 17:49:51,803 - SHUHUA - INFO - 正在采集现货库存...
2019-06-21 17:49:53,241 - SHUHUA - INFO - 塑化信息写入成功!
2019-06-21 17:49:57,892 - GUZHI - INFO - 股指信息写入成功!
