2019-06-17 10:22:21,180 - PTA - INFO - 正在采集品种分析内容...
2019-06-17 10:23:29,243 - PTA - INFO - 正在采集品种分析内容...
2019-06-17 10:24:03,672 - PTA - INFO - 正在采集品种分析内容...
2019-06-17 10:25:16,602 - PTA - INFO - 正在采集品种分析内容...
2019-06-17 10:29:20,574 - PTA - INFO - 正在采集期货行情...
2019-06-17 10:29:20,759 - PTA - INFO - 正在采集现货行情...
2019-06-17 10:30:10,961 - PTA - INFO - 正在采集期货行情...
2019-06-17 10:30:11,044 - PTA - INFO - 正在采集现货行情...
2019-06-17 10:30:28,187 - PTA - INFO - 正在采集期货行情...
2019-06-17 10:30:28,535 - PTA - INFO - 正在采集现货行情...
2019-06-17 10:30:51,232 - PTA - INFO - 正在采集期货行情...
2019-06-17 10:30:51,414 - PTA - INFO - 正在采集现货行情...
2019-06-17 10:31:28,717 - PTA - INFO - 正在采集期货行情...
2019-06-17 10:31:29,003 - PTA - INFO - 正在采集现货行情...
2019-06-17 10:31:39,494 - PTA - INFO - 正在采集期货行情...
2019-06-17 10:31:39,587 - PTA - INFO - 正在采集现货行情...
2019-06-17 10:36:31,151 - PTA - INFO - 正在采集期货行情...
2019-06-17 10:36:31,977 - PTA - INFO - 正在采集现货行情...
2019-06-17 10:45:04,951 - PTA - INFO - 正在采集净多单...
2019-06-17 10:47:26,416 - PTA - INFO - 正在采集现货库存...
2019-06-17 10:49:33,520 - PTA - INFO - 正在采集现货库存...
2019-06-17 10:49:33,575 - PTA - INFO - 正在采集现货库存...
2019-06-17 10:50:04,949 - PTA - INFO - 正在采集现货库存...
2019-06-17 10:50:04,996 - PTA - INFO - 正在采集现货库存...
2019-06-17 11:09:58,937 - PTA - INFO - 正在采集品种分析内容...
2019-06-17 11:09:59,863 - PTA - INFO - 正在采集期货行情...
2019-06-17 11:10:00,476 - PTA - INFO - 正在采集现货行情...
2019-06-17 11:10:01,212 - PTA - INFO - 正在采集净多单...
2019-06-17 11:10:02,686 - PTA - INFO - 正在采集现货库存...
2019-06-17 11:10:02,785 - PTA - INFO - 正在采集现货库存...
2019-06-17 11:10:03,648 - PTA - INFO - PTA信息写入成功!
2019-06-17 11:22:19,077 - PTA - INFO - 正在采集现货行情...
2019-06-17 11:23:00,568 - PTA - INFO - 正在采集现货行情...
2019-06-17 11:23:14,857 - PTA - INFO - 正在采集现货行情...
2019-06-17 11:25:02,314 - PTA - INFO - 正在采集现货行情...
2019-06-17 11:25:18,719 - PTA - INFO - 正在采集现货行情...
2019-06-17 11:25:28,899 - PTA - INFO - 正在采集现货行情...
2019-06-17 11:34:32,266 - PTA - INFO - 正在采集期货行情...
2019-06-17 11:34:51,530 - PTA - INFO - 正在采集期货行情...
2019-06-17 11:35:00,248 - PTA - INFO - 正在采集期货行情...
2019-06-17 12:28:58,896 - PTA - INFO - 正在采集品种分析内容...
2019-06-17 12:29:00,287 - PTA - INFO - 正在采集期货行情...
2019-06-17 12:29:00,451 - PTA - INFO - 正在采集现货行情...
2019-06-17 12:29:01,935 - PTA - INFO - 正在采集净多单...
2019-06-17 12:29:02,077 - PTA - INFO - 正在采集现货库存...
2019-06-17 12:29:02,317 - PTA - INFO - 正在采集现货库存...
2019-06-17 12:29:39,816 - PTA - INFO - 正在采集品种分析内容...
2019-06-17 12:29:40,583 - PTA - INFO - 正在采集期货行情...
2019-06-17 12:29:40,696 - PTA - INFO - 正在采集现货行情...
2019-06-17 12:29:42,176 - PTA - INFO - 正在采集净多单...
2019-06-17 12:29:42,318 - PTA - INFO - 正在采集现货库存...
2019-06-17 12:29:42,521 - PTA - INFO - 正在采集现货库存...
2019-06-17 12:30:18,127 - PTA - INFO - 正在采集品种分析内容...
2019-06-17 12:30:18,558 - PTA - INFO - 正在采集期货行情...
2019-06-17 12:30:18,858 - PTA - INFO - 正在采集现货行情...
2019-06-17 12:30:20,307 - PTA - INFO - 正在采集净多单...
2019-06-17 12:30:20,447 - PTA - INFO - 正在采集现货库存...
2019-06-17 12:30:20,521 - PTA - INFO - 正在采集现货库存...
2019-06-17 12:30:21,533 - PTA - INFO - PTA信息写入成功!
2019-06-17 12:31:11,243 - PTA - INFO - 正在采集品种分析内容...
2019-06-17 12:31:11,669 - PTA - INFO - 正在采集期货行情...
2019-06-17 12:31:12,044 - PTA - INFO - 正在采集现货行情...
2019-06-17 12:31:13,494 - PTA - INFO - 正在采集净多单...
2019-06-17 12:31:13,634 - PTA - INFO - 正在采集现货库存...
2019-06-17 12:31:13,684 - PTA - INFO - 正在采集现货库存...
2019-06-17 12:31:14,908 - PTA - INFO - PTA信息写入成功!
2019-06-17 12:31:31,650 - PTA - INFO - 正在采集品种分析内容...
2019-06-17 12:31:33,190 - PTA - INFO - 正在采集期货行情...
2019-06-17 12:31:33,441 - PTA - INFO - 正在采集现货行情...
2019-06-17 12:31:34,939 - PTA - INFO - 正在采集净多单...
2019-06-17 12:31:35,080 - PTA - INFO - 正在采集现货库存...
2019-06-17 12:31:35,134 - PTA - INFO - 正在采集现货库存...
2019-06-17 12:31:36,149 - PTA - INFO - PTA信息写入成功!
2019-06-17 12:34:48,114 - PTA - INFO - 正在采集品种分析内容...
2019-06-17 12:34:48,992 - PTA - INFO - 正在采集期货行情...
2019-06-17 12:34:49,489 - PTA - INFO - 正在采集现货行情...
2019-06-17 12:34:51,034 - PTA - INFO - 正在采集净多单...
2019-06-17 12:34:51,176 - PTA - INFO - 正在采集现货库存...
2019-06-17 12:34:51,600 - PTA - INFO - 正在采集现货库存...
2019-06-17 12:34:52,393 - PTA - INFO - PTA信息写入成功!
2019-06-17 12:35:31,403 - PTA - INFO - 正在采集品种分析内容...
2019-06-17 12:35:31,795 - PTA - INFO - 正在采集期货行情...
2019-06-17 12:35:31,994 - PTA - INFO - 正在采集现货行情...
2019-06-17 12:35:33,449 - PTA - INFO - 正在采集净多单...
2019-06-17 12:35:33,581 - PTA - INFO - 正在采集现货库存...
2019-06-17 12:35:33,688 - PTA - INFO - 正在采集现货库存...
2019-06-17 12:39:25,925 - PTA - INFO - 正在采集品种分析内容...
2019-06-17 12:39:26,376 - PTA - INFO - 正在采集期货行情...
2019-06-17 12:39:26,484 - PTA - INFO - 正在采集现货行情...
2019-06-17 12:39:27,913 - PTA - INFO - 正在采集净多单...
2019-06-17 12:39:28,051 - PTA - INFO - 正在采集现货库存...
2019-06-17 12:39:28,262 - PTA - INFO - 正在采集现货库存...
2019-06-17 12:39:29,076 - PTA - INFO - PTA信息写入成功!
2019-06-17 12:42:08,803 - PTA - INFO - 正在采集品种分析内容...
2019-06-17 12:42:09,672 - PTA - INFO - 正在采集期货行情...
2019-06-17 12:42:09,779 - PTA - INFO - 正在采集现货行情...
2019-06-17 12:42:39,812 - PTA - INFO - 正在采集品种分析内容...
2019-06-17 12:42:40,757 - PTA - INFO - 正在采集期货行情...
2019-06-17 12:42:41,076 - PTA - INFO - 正在采集现货行情...
2019-06-17 12:42:42,531 - PTA - INFO - 正在采集净多单...
2019-06-17 12:42:42,662 - PTA - INFO - 正在采集现货库存...
2019-06-17 12:42:42,719 - PTA - INFO - 正在采集现货库存...
2019-06-17 12:42:43,895 - PTA - INFO - PTA信息写入成功!
2019-06-17 12:43:57,730 - PTA - INFO - 正在采集品种分析内容...
2019-06-17 12:43:58,179 - PTA - INFO - 正在采集期货行情...
2019-06-17 12:43:58,519 - PTA - INFO - 正在采集现货行情...
2019-06-17 12:44:00,062 - PTA - INFO - 正在采集净多单...
2019-06-17 12:44:00,201 - PTA - INFO - 正在采集现货库存...
2019-06-17 12:44:00,340 - PTA - INFO - 正在采集现货库存...
2019-06-17 12:44:01,207 - PTA - INFO - PTA信息写入成功!
2019-06-17 12:44:12,652 - PTA - INFO - 正在采集品种分析内容...
2019-06-17 12:44:13,077 - PTA - INFO - 正在采集期货行情...
2019-06-17 12:44:13,155 - PTA - INFO - 正在采集现货行情...
2019-06-17 12:44:15,029 - PTA - INFO - 正在采集净多单...
2019-06-17 12:44:15,397 - PTA - INFO - 正在采集现货库存...
2019-06-17 12:44:15,453 - PTA - INFO - 正在采集现货库存...
2019-06-17 12:44:16,133 - PTA - INFO - PTA信息写入成功!
2019-06-17 12:44:59,583 - PTA - INFO - 正在采集品种分析内容...
2019-06-17 12:45:00,043 - PTA - INFO - 正在采集期货行情...
2019-06-17 12:45:00,174 - PTA - INFO - 正在采集现货行情...
2019-06-17 12:45:01,727 - PTA - INFO - 正在采集净多单...
2019-06-17 12:45:01,866 - PTA - INFO - 正在采集现货库存...
2019-06-17 12:45:02,137 - PTA - INFO - 正在采集现货库存...
2019-06-17 12:45:02,994 - PTA - INFO - PTA信息写入成功!
2019-06-17 12:46:52,608 - PTA - INFO - 正在采集品种分析内容...
2019-06-17 12:46:53,060 - PTA - INFO - 正在采集期货行情...
2019-06-17 12:46:53,760 - PTA - INFO - 正在采集现货行情...
2019-06-17 12:46:55,370 - PTA - INFO - 正在采集净多单...
2019-06-17 12:46:55,501 - PTA - INFO - 正在采集现货库存...
2019-06-17 12:46:55,559 - PTA - INFO - 正在采集现货库存...
2019-06-17 12:46:56,444 - PTA - INFO - PTA信息写入成功!
2019-06-17 12:50:10,177 - PTA - INFO - 正在采集品种分析内容...
2019-06-17 12:50:10,820 - PTA - INFO - 正在采集期货行情...
2019-06-17 12:50:11,093 - PTA - INFO - 正在采集现货行情...
2019-06-17 12:50:11,852 - PTA - INFO - 正在采集品种分析内容...
2019-06-17 12:50:12,359 - PTA - INFO - 正在采集期货行情...
2019-06-17 12:50:12,466 - PTA - INFO - 正在采集现货行情...
2019-06-17 12:50:12,926 - PTA - INFO - 正在采集净多单...
2019-06-17 12:50:13,055 - PTA - INFO - 正在采集现货库存...
2019-06-17 12:50:13,432 - PTA - INFO - 正在采集现货库存...
2019-06-17 12:50:14,170 - PTA - INFO - 正在采集净多单...
2019-06-17 12:50:14,310 - PTA - INFO - 正在采集现货库存...
2019-06-17 12:50:14,342 - PTA - INFO - PTA信息写入成功!
2019-06-17 12:50:14,920 - PTA - INFO - 正在采集现货库存...
2019-06-17 12:50:15,681 - PTA - INFO - PTA信息写入成功!
2019-06-17 13:53:27,038 - YOUZHI - INFO - 正在采集期货行情...
2019-06-17 13:55:06,327 - YOUZHI - INFO - 正在采集期货行情...
2019-06-17 13:55:39,851 - YOUZHI - INFO - 正在采集期货行情...
2019-06-17 14:05:35,044 - YOUZHI - INFO - 正在采集期货行情...
2019-06-17 14:05:35,981 - YOUZHI - INFO - 正在采集期货行情...
2019-06-17 14:05:37,155 - YOUZHI - INFO - 正在采集期货行情...
2019-06-17 14:06:06,543 - YOUZHI - INFO - 正在采集期货行情...
2019-06-17 14:06:37,288 - YOUZHI - INFO - 正在采集期货行情...
2019-06-17 14:06:44,841 - YOUZHI - INFO - 正在采集期货行情...
2019-06-17 14:11:20,166 - YOUZHI - INFO - 正在采集期货行情...
2019-06-17 14:11:35,746 - YOUZHI - INFO - 正在采集期货行情...
2019-06-17 14:11:36,638 - YOUZHI - INFO - 正在采集期货行情...
2019-06-17 14:11:37,595 - YOUZHI - INFO - 正在采集期货行情...
2019-06-17 14:11:38,890 - YOUZHI - INFO - 正在采集期货行情...
2019-06-17 14:11:40,191 - YOUZHI - INFO - 正在采集期货行情...
2019-06-17 14:13:37,374 - YOUZHI - INFO - 正在采集期货行情...
2019-06-17 14:13:37,875 - YOUZHI - INFO - 正在采集期货行情...
2019-06-17 14:13:39,085 - YOUZHI - INFO - 正在采集期货行情...
2019-06-17 14:13:40,264 - YOUZHI - INFO - 正在采集期货行情...
2019-06-17 14:13:41,468 - YOUZHI - INFO - 正在采集期货行情...
2019-06-17 17:33:43,208 - GUZHI - INFO - 正在采集期货行情...
2019-06-17 17:33:43,819 - GUZHI - INFO - 正在采集期货行情...
2019-06-17 17:33:45,247 - GUZHI - INFO - 正在采集期货行情...
2019-06-17 17:33:47,066 - GUZHI - INFO - 正在采集期货行情...
2019-06-17 17:33:47,985 - GUZHI - INFO - 正在采集净空持仓...
2019-06-17 17:33:48,487 - GUZHI - INFO - 正在采集净空单...
2019-06-17 17:33:49,937 - GUZHI - INFO - 正在采集热点板块...
2019-06-17 17:33:55,424 - SHUHUA - INFO - 正在采集品种分析内容...
2019-06-17 17:33:56,677 - SHUHUA - INFO - 正在采集期货行情...
2019-06-17 17:33:58,360 - JIACHUN - INFO - 正在采集品种分析内容...
2019-06-17 17:33:58,646 - JIACHUN - ERROR - 未获取品种分析页面
2019-06-17 17:33:58,647 - JIACHUN - INFO - 正在采集期货行情...
2019-06-17 17:33:58,789 - SHUHUA - INFO - 正在采集现货行情...
2019-06-17 17:33:59,393 - JIACHUN - INFO - 正在采集现货行情...
2019-06-17 17:34:01,835 - JIACHUN - INFO - 正在采集基差或PP利润...
2019-06-17 17:34:02,860 - JIACHUN - INFO - 正在采集价差...
2019-06-17 17:34:03,366 - SHUHUA - INFO - 正在采集净多单...
2019-06-17 17:34:03,448 - JIACHUN - INFO - 正在采集净多单...
2019-06-17 17:34:04,642 - JIACHUN - INFO - 正在采集现货库存...
2019-06-17 17:34:04,743 - JIACHUN - INFO - 正在采集基差或PP利润...
2019-06-17 17:34:04,833 - SHUHUA - INFO - 正在采集基差...
2019-06-17 17:34:05,400 - JIACHUN - INFO - 正在采集进口利润...
2019-06-17 17:34:06,442 - GUZHI - INFO - 股指信息写入成功!
2019-06-17 17:34:06,672 - SHUHUA - INFO - 正在采集价差...
2019-06-17 17:34:06,672 - SHUHUA - INFO - 正在采集现货库存...
2019-06-17 17:34:07,487 - SHUHUA - INFO - 正在采集现货库存...
2019-06-17 17:34:08,036 - JIACHUN - INFO - 甲醇信息写入成功!
2019-06-17 17:34:08,333 - SHUHUA - INFO - 正在采集现货库存...
2019-06-17 17:34:09,910 - SHUHUA - INFO - 塑化信息写入成功!
2019-06-17 17:34:27,202 - SHUHUA - INFO - 正在采集品种分析内容...
2019-06-17 17:34:29,201 - SHUHUA - INFO - 正在采集期货行情...
2019-06-17 17:34:29,935 - SHUHUA - INFO - 正在采集现货行情...
2019-06-17 17:34:30,363 - SHUHUA - INFO - 正在采集基差...
2019-06-17 17:34:30,801 - SHUHUA - INFO - 正在采集净多单...
2019-06-17 17:34:32,019 - SHUHUA - INFO - 正在采集现货价格或者现货库存...
2019-06-17 17:34:32,158 - SHUHUA - INFO - 正在采集现货价格或者现货库存...
2019-06-17 17:34:32,275 - SHUHUA - INFO - 正在采集外盘期货...
2019-06-17 17:34:33,929 - SHUHUA - INFO - 橡胶信息写入成功!
2019-06-17 17:34:43,541 - GUZHI - INFO - 正在采集品种分析内容...
2019-06-17 17:34:43,748 - GUZHI - ERROR - 未获取品种分析页面
2019-06-17 17:34:43,749 - GUZHI - INFO - 正在采集期货行情...
2019-06-17 17:34:44,378 - GUZHI - INFO - 正在采集现货行情...
2019-06-17 17:34:45,797 - GUZHI - INFO - 正在采集SC基差...
2019-06-17 17:34:46,177 - GUZHI - INFO - 正在采集WTI和Brent基差...
2019-06-17 17:34:46,355 - GUZHI - INFO - 正在采集WTI和Brent基差...
2019-06-17 17:34:46,974 - GUZHI - INFO - 正在采集开工率...
2019-06-17 17:34:47,196 - GUZHI - INFO - 正在采集库存...
2019-06-17 17:34:47,666 - GUZHI - INFO - 正在采集持仓...
2019-06-17 17:34:48,942 - GUZHI - INFO - 原油信息写入成功!
2019-06-17 17:57:15,978 - JIACHUN - INFO - 正在采集品种分析内容...
2019-06-17 17:57:16,240 - JIACHUN - ERROR - 未获取品种分析页面
2019-06-17 17:57:16,240 - JIACHUN - INFO - 正在采集期货行情...
2019-06-17 17:57:16,329 - JIACHUN - INFO - 正在采集现货行情...
2019-06-17 17:57:17,737 - JIACHUN - INFO - 正在采集基差或PP利润...
2019-06-17 17:57:18,059 - JIACHUN - INFO - 正在采集价差...
2019-06-17 17:57:18,577 - JIACHUN - INFO - 正在采集净多单...
