2019-06-27 18:02:17,128 - JIACHUN - INFO - 正在采集品种分析内容...
2019-06-27 18:02:23,419 - JIACHUN - ERROR - 未获取品种分析页面
2019-06-27 18:02:23,419 - JIACHUN - INFO - 正在采集期货行情...
2019-06-27 18:02:23,785 - JIACHUN - INFO - 正在采集现货行情...
2019-06-27 18:02:25,131 - JIACHUN - INFO - 正在采集基差或PP利润...
2019-06-27 18:02:25,750 - JIACHUN - INFO - 正在采集价差...
2019-06-27 18:02:25,808 - JIACHUN - INFO - 正在采集净多单...
2019-06-27 18:02:27,775 - JIACHUN - INFO - 正在采集现货库存...
2019-06-27 18:02:27,823 - JIACHUN - INFO - 正在采集基差或PP利润...
2019-06-27 18:02:28,099 - JIACHUN - INFO - 正在采集进口利润...
2019-06-27 18:02:29,738 - JIACHUN - INFO - 甲醇信息写入成功!
2019-06-27 18:02:32,532 - GUZHI - INFO - 正在采集期货行情...
2019-06-27 18:02:33,465 - GUZHI - INFO - 正在采集期货行情...
2019-06-27 18:02:34,329 - GUZHI - INFO - 正在采集期货行情...
2019-06-27 18:02:35,517 - GUZHI - INFO - 正在采集期货行情...
2019-06-27 18:02:36,892 - GUZHI - INFO - 正在采集净空持仓...
2019-06-27 18:02:37,331 - GUZHI - INFO - 正在采集净空单...
2019-06-27 18:02:38,791 - GUZHI - INFO - 正在采集热点板块...
2019-06-27 18:02:51,539 - GUZHI - INFO - 股指信息写入成功!
2019-06-27 18:02:53,604 - SHUHUA - INFO - 正在采集品种分析内容...
2019-06-27 18:02:55,057 - SHUHUA - INFO - 正在采集期货行情...
2019-06-27 18:02:56,884 - SHUHUA - INFO - 正在采集现货行情...
2019-06-27 18:02:59,438 - SHUHUA - INFO - 正在采集净多单...
2019-06-27 18:03:00,942 - SHUHUA - INFO - 正在采集基差...
2019-06-27 18:03:01,951 - SHUHUA - INFO - 正在采集价差...
2019-06-27 18:03:01,952 - SHUHUA - INFO - 正在采集现货库存...
2019-06-27 18:03:02,666 - SHUHUA - INFO - 正在采集现货库存...
2019-06-27 18:03:02,786 - SHUHUA - INFO - 正在采集现货库存...
2019-06-27 18:03:04,008 - SHUHUA - INFO - 塑化信息写入成功!
2019-06-27 18:03:06,350 - PTA - INFO - 正在采集品种分析内容...
2019-06-27 18:03:07,202 - PTA - INFO - 正在采集期货行情...
2019-06-27 18:03:07,446 - PTA - INFO - 正在采集现货行情...
2019-06-27 18:03:08,995 - PTA - INFO - 正在采集净多单...
2019-06-27 18:03:09,137 - PTA - INFO - 正在采集现货库存...
2019-06-27 18:03:09,367 - PTA - INFO - 正在采集现货库存...
2019-06-27 18:03:10,062 - PTA - INFO - PTA信息写入成功!
2019-06-27 18:03:11,777 - YOUZHI - INFO - 正在采集期货行情...
2019-06-27 18:03:12,442 - YOUZHI - INFO - 正在采集期货行情...
2019-06-27 18:03:13,603 - YOUZHI - INFO - 正在采集期货行情...
2019-06-27 18:03:14,731 - YOUZHI - INFO - 正在采集期货行情...
2019-06-27 18:03:15,998 - YOUZHI - INFO - 正在采集期货行情...
2019-06-27 18:03:19,237 - YOUZHI - INFO - 正在采集基差
2019-06-27 18:03:23,627 - YOUZHI - INFO - 正在采集压榨利润
2019-06-27 18:03:24,073 - YOUZHI - INFO - 正在采集到岗成本
2019-06-27 18:03:24,886 - YOUZHI - INFO - 正在采集升贴水
2019-06-27 18:03:28,387 - YOUZHI - INFO - 油脂信息写入成功!
2019-06-27 18:03:30,488 - XIANGJIAO - INFO - 正在采集品种分析内容...
2019-06-27 18:03:33,105 - XIANGJIAO - INFO - 正在采集期货行情...
2019-06-27 18:03:33,192 - XIANGJIAO - INFO - 正在采集现货行情...
2019-06-27 18:03:33,663 - XIANGJIAO - INFO - 正在采集基差...
2019-06-27 18:03:34,048 - XIANGJIAO - INFO - 正在采集净多单...
2019-06-27 18:03:35,268 - XIANGJIAO - INFO - 正在采集现货价格或者现货库存...
2019-06-27 18:03:35,463 - XIANGJIAO - INFO - 正在采集现货价格或者现货库存...
2019-06-27 18:03:35,617 - XIANGJIAO - INFO - 正在采集外盘期货...
2019-06-27 18:03:36,867 - XIANGJIAO - INFO - 橡胶信息写入成功!
