2019-06-25 10:13:45,832 - YOUZHI - INFO - 正在采集期货行情...
2019-06-25 10:13:46,437 - YOUZHI - INFO - 正在采集期货行情...
2019-06-25 10:13:48,009 - YOUZHI - INFO - 正在采集期货行情...
2019-06-25 10:13:49,167 - YOUZHI - INFO - 正在采集期货行情...
2019-06-25 10:13:50,481 - YOUZHI - INFO - 正在采集期货行情...
2019-06-25 10:13:53,666 - YOUZHI - INFO - 正在采集基差
2019-06-25 10:13:57,998 - YOUZHI - INFO - 正在采集压榨利润
2019-06-25 10:13:58,554 - YOUZHI - INFO - 正在采集到岗成本
2019-06-25 10:13:59,320 - YOUZHI - INFO - 正在采集升贴水
2019-06-25 10:14:03,376 - YOUZHI - INFO - 油脂信息写入成功!
2019-06-25 10:21:00,586 - GUZHI - INFO - 正在采集品种分析内容...
2019-06-25 10:21:02,115 - GUZHI - ERROR - 未获取品种分析页面
2019-06-25 10:21:02,116 - GUZHI - INFO - 正在采集期货行情...
2019-06-25 10:21:03,164 - GUZHI - INFO - 正在采集现货行情...
2019-06-25 10:21:04,351 - GUZHI - INFO - 正在采集SC基差...
2019-06-25 10:21:05,871 - GUZHI - INFO - 正在采集WTI和Brent基差...
2019-06-25 10:21:06,292 - GUZHI - INFO - 正在采集WTI和Brent基差...
2019-06-25 10:21:06,378 - GUZHI - INFO - 正在采集开工率...
2019-06-25 10:21:06,733 - GUZHI - INFO - 正在采集库存...
2019-06-25 10:21:07,157 - GUZHI - INFO - 正在采集持仓...
2019-06-25 10:21:08,842 - GUZHI - INFO - 原油信息写入成功!
2019-06-25 10:24:37,630 - GUZHI - INFO - 正在采集品种分析内容...
2019-06-25 10:24:39,170 - GUZHI - INFO - 正在采集期货行情...
2019-06-25 10:24:39,684 - GUZHI - INFO - 正在采集现货行情...
2019-06-25 10:24:43,144 - GUZHI - INFO - 正在采集SC基差...
2019-06-25 10:24:43,800 - GUZHI - INFO - 正在采集WTI和Brent基差...
2019-06-25 10:24:44,065 - GUZHI - INFO - 正在采集WTI和Brent基差...
2019-06-25 10:24:44,557 - GUZHI - INFO - 正在采集开工率...
2019-06-25 10:24:44,679 - GUZHI - INFO - 正在采集库存...
2019-06-25 10:24:45,098 - GUZHI - INFO - 正在采集持仓...
2019-06-25 10:24:46,767 - GUZHI - INFO - 原油信息写入成功!
2019-06-25 10:43:27,282 - JIACHUN - INFO - 正在采集品种分析内容...
2019-06-25 10:43:28,053 - JIACHUN - ERROR - 未获取品种分析页面
2019-06-25 10:43:28,070 - JIACHUN - INFO - 正在采集期货行情...
2019-06-25 10:43:28,245 - JIACHUN - INFO - 正在采集现货行情...
2019-06-25 10:43:29,455 - JIACHUN - INFO - 正在采集基差或PP利润...
2019-06-25 10:43:29,980 - JIACHUN - INFO - 正在采集价差...
2019-06-25 10:43:30,594 - JIACHUN - INFO - 正在采集净多单...
2019-06-25 10:43:32,107 - JIACHUN - INFO - 正在采集现货库存...
2019-06-25 10:43:32,158 - JIACHUN - INFO - 正在采集基差或PP利润...
2019-06-25 10:43:32,432 - JIACHUN - INFO - 正在采集进口利润...
2019-06-25 10:43:34,212 - JIACHUN - INFO - 甲醇信息写入成功!
2019-06-25 10:43:59,649 - JIACHUN - INFO - 正在采集品种分析内容...
2019-06-25 10:43:59,918 - JIACHUN - ERROR - 未获取品种分析页面
2019-06-25 10:43:59,918 - JIACHUN - INFO - 正在采集期货行情...
2019-06-25 10:44:00,113 - JIACHUN - INFO - 正在采集现货行情...
2019-06-25 10:44:01,407 - JIACHUN - INFO - 正在采集基差或PP利润...
2019-06-25 10:44:02,031 - JIACHUN - INFO - 正在采集价差...
2019-06-25 10:44:02,595 - JIACHUN - INFO - 正在采集净多单...
2019-06-25 10:44:03,794 - JIACHUN - INFO - 正在采集现货库存...
2019-06-25 10:44:03,852 - JIACHUN - INFO - 正在采集基差或PP利润...
2019-06-25 10:44:04,846 - JIACHUN - INFO - 正在采集进口利润...
2019-06-25 10:44:11,483 - JIACHUN - INFO - 正在采集品种分析内容...
2019-06-25 10:44:11,902 - JIACHUN - INFO - 正在采集期货行情...
2019-06-25 10:44:12,340 - JIACHUN - INFO - 正在采集现货行情...
2019-06-25 10:44:13,365 - JIACHUN - INFO - 正在采集基差或PP利润...
2019-06-25 10:44:13,951 - JIACHUN - INFO - 正在采集价差...
2019-06-25 10:44:14,460 - JIACHUN - INFO - 正在采集净多单...
2019-06-25 10:44:15,687 - JIACHUN - INFO - 正在采集现货库存...
2019-06-25 10:44:15,757 - JIACHUN - INFO - 正在采集基差或PP利润...
2019-06-25 10:44:15,836 - JIACHUN - INFO - 正在采集进口利润...
2019-06-25 10:44:17,646 - JIACHUN - INFO - 甲醇信息写入成功!
2019-06-25 10:45:59,899 - JIACHUN - INFO - 正在采集品种分析内容...
2019-06-25 10:46:00,409 - JIACHUN - INFO - 正在采集期货行情...
2019-06-25 10:46:00,791 - JIACHUN - INFO - 正在采集现货行情...
2019-06-25 10:46:02,550 - JIACHUN - INFO - 正在采集基差或PP利润...
2019-06-25 10:46:03,374 - JIACHUN - INFO - 正在采集价差...
2019-06-25 10:46:03,682 - JIACHUN - INFO - 正在采集净多单...
2019-06-25 10:46:04,899 - JIACHUN - INFO - 正在采集现货库存...
2019-06-25 10:46:04,959 - JIACHUN - INFO - 正在采集基差或PP利润...
2019-06-25 10:46:06,175 - JIACHUN - INFO - 正在采集进口利润...
2019-06-25 10:46:07,752 - JIACHUN - INFO - 甲醇信息写入成功!
2019-06-25 10:49:35,372 - JIACHUN - INFO - 正在采集品种分析内容...
2019-06-25 10:49:35,987 - JIACHUN - INFO - 正在采集期货行情...
2019-06-25 10:49:36,103 - JIACHUN - INFO - 正在采集现货行情...
2019-06-25 10:49:37,531 - JIACHUN - INFO - 正在采集基差或PP利润...
2019-06-25 10:49:37,851 - JIACHUN - INFO - 正在采集价差...
2019-06-25 10:49:38,517 - JIACHUN - INFO - 正在采集净多单...
2019-06-25 10:49:39,728 - JIACHUN - INFO - 正在采集现货库存...
2019-06-25 10:49:40,772 - JIACHUN - INFO - 正在采集基差或PP利润...
2019-06-25 10:49:41,255 - JIACHUN - INFO - 正在采集进口利润...
2019-06-25 10:49:42,870 - JIACHUN - INFO - 甲醇信息写入成功!
2019-06-25 10:50:25,122 - JIACHUN - INFO - 正在采集品种分析内容...
2019-06-25 10:50:25,590 - JIACHUN - INFO - 正在采集期货行情...
2019-06-25 10:50:25,722 - JIACHUN - INFO - 正在采集现货行情...
2019-06-25 10:50:26,930 - JIACHUN - INFO - 正在采集基差或PP利润...
2019-06-25 10:50:28,257 - JIACHUN - INFO - 正在采集价差...
2019-06-25 10:50:29,372 - JIACHUN - INFO - 正在采集净多单...
2019-06-25 10:50:30,650 - JIACHUN - INFO - 正在采集现货库存...
2019-06-25 10:50:31,310 - JIACHUN - INFO - 正在采集基差或PP利润...
2019-06-25 10:50:31,857 - JIACHUN - INFO - 正在采集进口利润...
2019-06-25 10:50:33,604 - JIACHUN - INFO - 甲醇信息写入成功!
2019-06-25 10:50:38,751 - YOUZHI - INFO - 正在采集期货行情...
2019-06-25 10:50:39,258 - YOUZHI - INFO - 正在采集期货行情...
2019-06-25 10:50:40,565 - YOUZHI - INFO - 正在采集期货行情...
2019-06-25 10:50:41,846 - YOUZHI - INFO - 正在采集期货行情...
2019-06-25 10:50:42,984 - YOUZHI - INFO - 正在采集期货行情...
2019-06-25 10:50:46,471 - YOUZHI - INFO - 正在采集基差
2019-06-25 10:50:50,937 - YOUZHI - INFO - 正在采集压榨利润
2019-06-25 10:50:51,842 - YOUZHI - INFO - 正在采集到岗成本
2019-06-25 10:50:52,526 - YOUZHI - INFO - 正在采集升贴水
2019-06-25 10:50:55,728 - YOUZHI - INFO - 油脂信息写入成功!
2019-06-25 10:52:39,852 - PTA - INFO - 正在采集品种分析内容...
2019-06-25 10:52:40,681 - PTA - INFO - 正在采集期货行情...
2019-06-25 10:52:40,978 - PTA - INFO - 正在采集现货行情...
2019-06-25 10:52:42,849 - PTA - INFO - 正在采集净多单...
2019-06-25 10:52:42,979 - PTA - INFO - 正在采集现货库存...
2019-06-25 10:52:43,099 - PTA - INFO - 正在采集现货库存...
2019-06-25 10:53:19,392 - PTA - INFO - 正在采集品种分析内容...
2019-06-25 10:53:19,828 - PTA - INFO - 正在采集期货行情...
2019-06-25 10:53:19,917 - PTA - INFO - 正在采集现货行情...
2019-06-25 10:53:21,396 - PTA - INFO - 正在采集净多单...
2019-06-25 10:53:21,525 - PTA - INFO - 正在采集现货库存...
2019-06-25 10:53:21,739 - PTA - INFO - 正在采集现货库存...
2019-06-25 10:53:56,746 - PTA - INFO - 正在采集品种分析内容...
2019-06-25 10:53:57,228 - PTA - INFO - 正在采集期货行情...
2019-06-25 10:53:57,327 - PTA - INFO - 正在采集现货行情...
2019-06-25 10:53:58,794 - PTA - INFO - 正在采集净多单...
2019-06-25 10:53:58,926 - PTA - INFO - 正在采集现货库存...
2019-06-25 10:53:59,029 - PTA - INFO - 正在采集现货库存...
2019-06-25 10:54:00,162 - PTA - INFO - PTA信息写入成功!
2019-06-25 10:56:25,733 - SHUHUA - INFO - 正在采集品种分析内容...
2019-06-25 10:56:26,845 - SHUHUA - INFO - 正在采集期货行情...
2019-06-25 10:56:28,650 - SHUHUA - INFO - 正在采集现货行情...
2019-06-25 10:56:31,425 - SHUHUA - INFO - 正在采集净多单...
2019-06-25 10:56:32,886 - SHUHUA - INFO - 正在采集基差...
2019-06-25 10:56:33,590 - SHUHUA - INFO - 正在采集价差...
2019-06-25 10:56:33,590 - SHUHUA - INFO - 正在采集现货库存...
2019-06-25 10:56:33,971 - SHUHUA - INFO - 正在采集现货库存...
2019-06-25 10:56:34,542 - SHUHUA - INFO - 正在采集现货库存...
2019-06-25 10:56:34,787 - SHUHUA - INFO - 塑化信息写入成功!
2019-06-25 10:58:30,400 - SHUHUA - INFO - 正在采集品种分析内容...
2019-06-25 10:58:31,446 - SHUHUA - INFO - 正在采集期货行情...
2019-06-25 10:58:33,200 - SHUHUA - INFO - 正在采集现货行情...
2019-06-25 10:58:35,679 - SHUHUA - INFO - 正在采集净多单...
2019-06-25 10:58:37,160 - SHUHUA - INFO - 正在采集基差...
2019-06-25 10:58:38,106 - SHUHUA - INFO - 正在采集价差...
2019-06-25 10:58:38,106 - SHUHUA - INFO - 正在采集现货库存...
2019-06-25 10:58:38,383 - SHUHUA - INFO - 正在采集现货库存...
2019-06-25 10:58:38,754 - SHUHUA - INFO - 正在采集现货库存...
2019-06-25 10:58:40,499 - SHUHUA - INFO - 塑化信息写入成功!
2019-06-25 10:59:52,194 - SHUHUA - INFO - 正在采集品种分析内容...
2019-06-25 10:59:53,240 - SHUHUA - INFO - 正在采集期货行情...
2019-06-25 10:59:53,346 - SHUHUA - INFO - 正在采集现货行情...
2019-06-25 10:59:54,168 - SHUHUA - INFO - 正在采集基差...
2019-06-25 10:59:54,561 - SHUHUA - INFO - 正在采集净多单...
2019-06-25 10:59:55,939 - SHUHUA - INFO - 正在采集现货价格或者现货库存...
2019-06-25 10:59:56,217 - SHUHUA - INFO - 正在采集现货价格或者现货库存...
2019-06-25 10:59:56,784 - SHUHUA - INFO - 正在采集外盘期货...
2019-06-25 11:00:13,969 - SHUHUA - INFO - 正在采集品种分析内容...
2019-06-25 11:00:14,888 - SHUHUA - INFO - 正在采集期货行情...
2019-06-25 11:00:15,039 - SHUHUA - INFO - 正在采集现货行情...
2019-06-25 11:00:15,679 - SHUHUA - INFO - 正在采集基差...
2019-06-25 11:00:16,568 - SHUHUA - INFO - 正在采集净多单...
2019-06-25 11:00:17,832 - SHUHUA - INFO - 正在采集现货价格或者现货库存...
2019-06-25 11:00:17,917 - SHUHUA - INFO - 正在采集现货价格或者现货库存...
2019-06-25 11:00:18,014 - SHUHUA - INFO - 正在采集外盘期货...
2019-06-25 11:00:19,271 - SHUHUA - INFO - 橡胶信息写入成功!
2019-06-25 11:03:56,143 - GUZHI - INFO - 正在采集品种分析内容...
2019-06-25 11:03:57,538 - GUZHI - INFO - 正在采集期货行情...
2019-06-25 11:03:58,204 - GUZHI - INFO - 正在采集现货行情...
2019-06-25 11:03:59,318 - GUZHI - INFO - 正在采集SC基差...
2019-06-25 11:04:00,069 - GUZHI - INFO - 正在采集WTI和Brent基差...
2019-06-25 11:04:00,358 - GUZHI - INFO - 正在采集WTI和Brent基差...
2019-06-25 11:04:00,546 - GUZHI - INFO - 正在采集开工率...
2019-06-25 11:04:00,946 - GUZHI - INFO - 正在采集库存...
2019-06-25 11:04:01,332 - GUZHI - INFO - 正在采集持仓...
2019-06-25 11:04:03,052 - GUZHI - INFO - 原油信息写入成功!
2019-06-25 11:10:38,380 - GUZHI - INFO - 正在采集期货行情...
2019-06-25 11:10:42,152 - GUZHI - INFO - 正在采集期货行情...
2019-06-25 11:10:47,014 - GUZHI - INFO - 正在采集期货行情...
2019-06-25 11:10:48,178 - GUZHI - INFO - 正在采集期货行情...
2019-06-25 11:10:49,504 - GUZHI - INFO - 正在采集净空持仓...
2019-06-25 11:10:51,335 - GUZHI - INFO - 正在采集净空单...
2019-06-25 11:10:52,842 - GUZHI - INFO - 正在采集热点板块...
2019-06-25 11:11:06,916 - GUZHI - INFO - 股指信息写入成功!
2019-06-25 11:18:44,053 - GUZHI - INFO - 正在采集品种分析内容...
2019-06-25 11:18:45,750 - GUZHI - INFO - 正在采集期货行情...
2019-06-25 11:18:46,649 - GUZHI - INFO - 正在采集现货行情...
2019-06-25 11:18:47,737 - GUZHI - INFO - 正在采集SC基差...
2019-06-25 11:18:48,718 - GUZHI - INFO - 正在采集WTI和Brent基差...
2019-06-25 11:18:48,781 - GUZHI - INFO - 正在采集WTI和Brent基差...
2019-06-25 11:18:49,366 - GUZHI - INFO - 正在采集开工率...
2019-06-25 11:18:49,652 - GUZHI - INFO - 正在采集库存...
2019-06-25 11:18:50,192 - GUZHI - INFO - 正在采集持仓...
2019-06-25 11:18:51,444 - GUZHI - INFO - 原油信息写入成功!
2019-06-25 11:26:11,358 - GUZHI - INFO - 正在采集品种分析内容...
2019-06-25 11:26:12,739 - GUZHI - INFO - 正在采集期货行情...
2019-06-25 11:26:13,612 - GUZHI - INFO - 正在采集现货行情...
2019-06-25 11:26:14,715 - GUZHI - INFO - 正在采集SC基差...
2019-06-25 11:26:15,224 - GUZHI - INFO - 正在采集WTI和Brent基差...
2019-06-25 11:26:16,129 - GUZHI - INFO - 正在采集WTI和Brent基差...
2019-06-25 11:26:16,532 - GUZHI - INFO - 正在采集开工率...
2019-06-25 11:26:19,349 - GUZHI - INFO - 正在采集库存...
2019-06-25 11:26:19,989 - GUZHI - INFO - 正在采集持仓...
2019-06-25 11:26:21,961 - GUZHI - INFO - 原油信息写入成功!
2019-06-25 13:54:15,977 - JIACHUN - INFO - 正在采集品种分析内容...
2019-06-25 13:54:16,719 - JIACHUN - ERROR - 未获取品种分析页面
2019-06-25 13:54:16,719 - JIACHUN - INFO - 正在采集期货行情...
2019-06-25 13:54:17,242 - JIACHUN - INFO - 正在采集现货行情...
2019-06-25 13:54:18,224 - JIACHUN - INFO - 正在采集基差或PP利润...
2019-06-25 13:54:18,817 - JIACHUN - INFO - 正在采集价差...
2019-06-25 13:54:19,290 - JIACHUN - INFO - 正在采集净多单...
2019-06-25 13:54:21,109 - JIACHUN - INFO - 正在采集现货库存...
2019-06-25 13:54:21,283 - JIACHUN - INFO - 正在采集基差或PP利润...
2019-06-25 13:54:21,774 - JIACHUN - INFO - 正在采集进口利润...
2019-06-25 13:54:23,290 - JIACHUN - INFO - 甲醇信息写入成功!
2019-06-25 13:57:45,544 - JIACHUN - INFO - 正在采集品种分析内容...
2019-06-25 13:57:45,813 - JIACHUN - ERROR - 未获取品种分析页面
2019-06-25 13:57:45,813 - JIACHUN - INFO - 正在采集期货行情...
2019-06-25 13:57:46,094 - JIACHUN - INFO - 正在采集现货行情...
2019-06-25 13:57:47,574 - JIACHUN - INFO - 正在采集基差或PP利润...
2019-06-25 13:57:47,661 - JIACHUN - INFO - 正在采集价差...
2019-06-25 13:57:48,286 - JIACHUN - INFO - 正在采集净多单...
2019-06-25 13:57:49,532 - JIACHUN - INFO - 正在采集现货库存...
2019-06-25 13:57:49,671 - JIACHUN - INFO - 正在采集基差或PP利润...
2019-06-25 13:57:49,763 - JIACHUN - INFO - 正在采集进口利润...
2019-06-25 13:57:51,615 - JIACHUN - INFO - 甲醇信息写入成功!
2019-06-25 13:57:53,507 - GUZHI - INFO - 正在采集期货行情...
2019-06-25 13:57:54,237 - GUZHI - INFO - 正在采集期货行情...
2019-06-25 13:57:55,293 - GUZHI - INFO - 正在采集期货行情...
2019-06-25 13:57:56,408 - GUZHI - INFO - 正在采集期货行情...
2019-06-25 13:57:57,621 - GUZHI - INFO - 正在采集净空持仓...
2019-06-25 13:57:57,933 - GUZHI - INFO - 正在采集净空单...
2019-06-25 13:57:59,409 - GUZHI - INFO - 正在采集热点板块...
2019-06-25 13:58:11,979 - GUZHI - INFO - 股指信息写入成功!
2019-06-25 13:58:14,144 - SHUHUA - INFO - 正在采集品种分析内容...
2019-06-25 13:58:15,344 - SHUHUA - INFO - 正在采集期货行情...
2019-06-25 13:58:17,037 - SHUHUA - INFO - 正在采集现货行情...
2019-06-25 13:58:20,088 - SHUHUA - INFO - 正在采集净多单...
2019-06-25 13:58:21,576 - SHUHUA - INFO - 正在采集基差...
2019-06-25 13:58:22,429 - SHUHUA - INFO - 正在采集价差...
2019-06-25 13:58:22,429 - SHUHUA - INFO - 正在采集现货库存...
2019-06-25 13:58:23,363 - SHUHUA - INFO - 正在采集现货库存...
2019-06-25 13:58:23,524 - SHUHUA - INFO - 正在采集现货库存...
2019-06-25 13:58:24,841 - SHUHUA - INFO - 塑化信息写入成功!
2019-06-25 13:58:26,757 - PTA - INFO - 正在采集品种分析内容...
2019-06-25 13:58:27,342 - PTA - INFO - 正在采集期货行情...
2019-06-25 13:58:27,706 - PTA - INFO - 正在采集现货行情...
2019-06-25 13:58:29,278 - PTA - INFO - 正在采集净多单...
2019-06-25 13:58:29,410 - PTA - INFO - 正在采集现货库存...
2019-06-25 13:58:29,471 - PTA - INFO - 正在采集现货库存...
2019-06-25 13:58:30,390 - PTA - INFO - PTA信息写入成功!
2019-06-25 13:58:32,267 - YOUZHI - INFO - 正在采集期货行情...
2019-06-25 13:58:32,777 - YOUZHI - INFO - 正在采集期货行情...
2019-06-25 13:58:34,054 - YOUZHI - INFO - 正在采集期货行情...
2019-06-25 13:58:35,506 - YOUZHI - INFO - 正在采集期货行情...
2019-06-25 13:58:36,365 - YOUZHI - INFO - 正在采集期货行情...
2019-06-25 13:58:39,647 - YOUZHI - INFO - 正在采集基差
2019-06-25 13:58:44,223 - YOUZHI - INFO - 正在采集压榨利润
2019-06-25 13:58:45,000 - YOUZHI - INFO - 正在采集到岗成本
2019-06-25 13:58:45,804 - YOUZHI - INFO - 正在采集升贴水
2019-06-25 13:58:49,889 - YOUZHI - INFO - 油脂信息写入成功!
2019-06-25 13:58:52,735 - SHUHUA - INFO - 正在采集品种分析内容...
2019-06-25 13:58:53,316 - SHUHUA - INFO - 正在采集期货行情...
2019-06-25 13:58:53,524 - SHUHUA - INFO - 正在采集现货行情...
2019-06-25 13:58:54,169 - SHUHUA - INFO - 正在采集基差...
2019-06-25 13:58:54,563 - SHUHUA - INFO - 正在采集净多单...
2019-06-25 13:58:55,789 - SHUHUA - INFO - 正在采集现货价格或者现货库存...
2019-06-25 13:58:55,993 - SHUHUA - INFO - 正在采集现货价格或者现货库存...
2019-06-25 13:58:56,062 - SHUHUA - INFO - 正在采集外盘期货...
2019-06-25 13:58:57,511 - SHUHUA - INFO - 橡胶信息写入成功!
2019-06-25 15:46:08,885 - JIACHUN - INFO - 正在采集品种分析内容...
2019-06-25 15:46:09,550 - JIACHUN - ERROR - 未获取品种分析页面
2019-06-25 15:46:09,551 - JIACHUN - INFO - 正在采集期货行情...
2019-06-25 15:46:09,748 - JIACHUN - INFO - 正在采集现货行情...
2019-06-25 15:46:11,243 - JIACHUN - INFO - 正在采集基差或PP利润...
2019-06-25 15:46:11,552 - JIACHUN - INFO - 正在采集价差...
2019-06-25 15:46:11,939 - JIACHUN - INFO - 正在采集净多单...
2019-06-25 15:46:13,924 - JIACHUN - INFO - 正在采集现货库存...
2019-06-25 15:46:13,977 - JIACHUN - INFO - 正在采集基差或PP利润...
2019-06-25 15:46:14,077 - JIACHUN - INFO - 正在采集进口利润...
2019-06-25 15:46:16,189 - JIACHUN - INFO - 甲醇信息写入成功!
2019-06-25 15:46:18,498 - GUZHI - INFO - 正在采集期货行情...
2019-06-25 15:46:19,025 - GUZHI - INFO - 正在采集期货行情...
2019-06-25 15:46:20,190 - GUZHI - INFO - 正在采集期货行情...
2019-06-25 15:46:21,429 - GUZHI - INFO - 正在采集期货行情...
2019-06-25 15:46:22,586 - GUZHI - INFO - 正在采集净空持仓...
2019-06-25 15:46:22,987 - GUZHI - INFO - 正在采集净空单...
2019-06-25 15:46:24,463 - GUZHI - INFO - 正在采集热点板块...
2019-06-25 15:46:38,663 - GUZHI - INFO - 股指信息写入成功!
2019-06-25 15:46:40,817 - SHUHUA - INFO - 正在采集品种分析内容...
2019-06-25 15:46:43,088 - SHUHUA - INFO - 正在采集期货行情...
2019-06-25 15:46:44,788 - SHUHUA - INFO - 正在采集现货行情...
2019-06-25 15:46:47,222 - SHUHUA - INFO - 正在采集净多单...
2019-06-25 15:46:48,694 - SHUHUA - INFO - 正在采集基差...
2019-06-25 15:46:49,609 - SHUHUA - INFO - 正在采集价差...
2019-06-25 15:46:49,609 - SHUHUA - INFO - 正在采集现货库存...
2019-06-25 15:46:49,914 - SHUHUA - INFO - 正在采集现货库存...
2019-06-25 15:46:50,696 - SHUHUA - INFO - 正在采集现货库存...
2019-06-25 15:46:51,947 - SHUHUA - INFO - 塑化信息写入成功!
2019-06-25 15:46:53,897 - PTA - INFO - 正在采集品种分析内容...
2019-06-25 15:46:54,367 - PTA - INFO - 正在采集期货行情...
2019-06-25 15:46:54,473 - PTA - INFO - 正在采集现货行情...
2019-06-25 15:46:55,965 - PTA - INFO - 正在采集净多单...
2019-06-25 15:46:56,096 - PTA - INFO - 正在采集现货库存...
2019-06-25 15:46:56,218 - PTA - INFO - 正在采集现货库存...
2019-06-25 15:46:57,099 - PTA - INFO - PTA信息写入成功!
2019-06-25 15:46:58,834 - YOUZHI - INFO - 正在采集期货行情...
2019-06-25 15:46:59,314 - YOUZHI - INFO - 正在采集期货行情...
2019-06-25 15:47:00,531 - YOUZHI - INFO - 正在采集期货行情...
2019-06-25 15:47:01,824 - YOUZHI - INFO - 正在采集期货行情...
2019-06-25 15:47:02,950 - YOUZHI - INFO - 正在采集期货行情...
2019-06-25 15:47:06,165 - YOUZHI - INFO - 正在采集基差
2019-06-25 15:47:10,266 - YOUZHI - INFO - 正在采集压榨利润
2019-06-25 15:47:10,951 - YOUZHI - INFO - 正在采集到岗成本
2019-06-25 15:47:11,843 - YOUZHI - INFO - 正在采集升贴水
2019-06-25 15:47:15,085 - YOUZHI - INFO - 油脂信息写入成功!
2019-06-25 15:47:17,531 - SHUHUA - INFO - 正在采集品种分析内容...
2019-06-25 15:47:26,287 - SHUHUA - INFO - 正在采集期货行情...
2019-06-25 15:47:26,543 - SHUHUA - INFO - 正在采集现货行情...
2019-06-25 15:47:27,580 - SHUHUA - INFO - 正在采集基差...
2019-06-25 15:47:27,873 - SHUHUA - INFO - 正在采集净多单...
2019-06-25 15:47:29,081 - SHUHUA - INFO - 正在采集现货价格或者现货库存...
2019-06-25 15:47:29,355 - SHUHUA - INFO - 正在采集现货价格或者现货库存...
2019-06-25 15:47:29,468 - SHUHUA - INFO - 正在采集外盘期货...
2019-06-25 15:47:30,796 - SHUHUA - INFO - 橡胶信息写入成功!
2019-06-25 16:08:13,106 - JIACHUN - INFO - 正在采集品种分析内容...
2019-06-25 16:08:14,345 - JIACHUN - ERROR - 未获取品种分析页面
2019-06-25 16:08:14,345 - JIACHUN - INFO - 正在采集期货行情...
2019-06-25 16:08:14,567 - JIACHUN - INFO - 正在采集现货行情...
2019-06-25 16:08:15,925 - JIACHUN - INFO - 正在采集基差或PP利润...
2019-06-25 16:08:16,298 - JIACHUN - INFO - 正在采集价差...
2019-06-25 16:08:17,267 - JIACHUN - INFO - 正在采集净多单...
2019-06-25 16:08:20,805 - JIACHUN - INFO - 正在采集现货库存...
2019-06-25 16:08:21,064 - JIACHUN - INFO - 正在采集基差或PP利润...
2019-06-25 16:08:21,330 - JIACHUN - INFO - 正在采集进口利润...
2019-06-25 16:08:23,147 - JIACHUN - INFO - 甲醇信息写入成功!
2019-06-25 16:08:25,178 - GUZHI - INFO - 正在采集期货行情...
2019-06-25 16:08:33,106 - GUZHI - INFO - 正在采集期货行情...
2019-06-25 16:08:33,954 - GUZHI - INFO - 正在采集期货行情...
2019-06-25 16:08:35,330 - GUZHI - INFO - 正在采集期货行情...
2019-06-25 16:08:36,770 - GUZHI - INFO - 正在采集净空持仓...
2019-06-25 16:08:38,215 - GUZHI - INFO - 正在采集净空单...
2019-06-25 16:08:40,420 - GUZHI - INFO - 正在采集热点板块...
2019-06-25 16:08:52,766 - GUZHI - INFO - 股指信息写入成功!
2019-06-25 16:08:54,974 - SHUHUA - INFO - 正在采集品种分析内容...
2019-06-25 16:08:57,996 - SHUHUA - INFO - 正在采集期货行情...
2019-06-25 16:08:59,769 - SHUHUA - INFO - 正在采集现货行情...
2019-06-25 16:09:02,210 - SHUHUA - INFO - 正在采集净多单...
2019-06-25 16:09:04,218 - SHUHUA - INFO - 正在采集基差...
2019-06-25 16:09:05,454 - SHUHUA - INFO - 正在采集价差...
2019-06-25 16:09:05,455 - SHUHUA - INFO - 正在采集现货库存...
2019-06-25 16:09:05,804 - SHUHUA - INFO - 正在采集现货库存...
2019-06-25 16:09:06,186 - SHUHUA - INFO - 正在采集现货库存...
2019-06-25 16:09:07,474 - SHUHUA - INFO - 塑化信息写入成功!
2019-06-25 16:09:09,560 - PTA - INFO - 正在采集品种分析内容...
2019-06-25 16:09:10,398 - PTA - INFO - 正在采集期货行情...
2019-06-25 16:09:10,517 - PTA - INFO - 正在采集现货行情...
2019-06-25 16:09:12,141 - PTA - INFO - 正在采集净多单...
2019-06-25 16:09:12,448 - PTA - INFO - 正在采集现货库存...
2019-06-25 16:09:12,777 - PTA - INFO - 正在采集现货库存...
2019-06-25 16:09:13,879 - PTA - INFO - PTA信息写入成功!
2019-06-25 16:09:15,921 - YOUZHI - INFO - 正在采集期货行情...
2019-06-25 16:09:16,808 - YOUZHI - INFO - 正在采集期货行情...
2019-06-25 16:09:18,004 - YOUZHI - INFO - 正在采集期货行情...
2019-06-25 16:09:19,242 - YOUZHI - INFO - 正在采集期货行情...
2019-06-25 16:09:20,448 - YOUZHI - INFO - 正在采集期货行情...
2019-06-25 16:09:23,719 - YOUZHI - INFO - 正在采集基差
2019-06-25 16:09:27,826 - YOUZHI - INFO - 正在采集压榨利润
2019-06-25 16:09:28,436 - YOUZHI - INFO - 正在采集到岗成本
2019-06-25 16:09:29,534 - YOUZHI - INFO - 正在采集升贴水
2019-06-25 16:09:33,086 - YOUZHI - INFO - 油脂信息写入成功!
2019-06-25 16:09:35,140 - XIANGJIAO - INFO - 正在采集品种分析内容...
2019-06-25 16:09:37,345 - XIANGJIAO - INFO - 正在采集期货行情...
2019-06-25 16:09:37,468 - XIANGJIAO - INFO - 正在采集现货行情...
2019-06-25 16:09:38,028 - XIANGJIAO - INFO - 正在采集基差...
2019-06-25 16:09:38,556 - XIANGJIAO - INFO - 正在采集净多单...
2019-06-25 16:09:39,943 - XIANGJIAO - INFO - 正在采集现货价格或者现货库存...
2019-06-25 16:09:40,017 - XIANGJIAO - INFO - 正在采集现货价格或者现货库存...
2019-06-25 16:09:40,126 - XIANGJIAO - INFO - 正在采集外盘期货...
2019-06-25 16:09:41,357 - XIANGJIAO - INFO - 橡胶信息写入成功!
2019-06-25 16:30:09,988 - JIACHUN - INFO - 正在采集品种分析内容...
2019-06-25 16:30:10,936 - JIACHUN - ERROR - 未获取品种分析页面
2019-06-25 16:30:10,936 - JIACHUN - INFO - 正在采集期货行情...
2019-06-25 16:30:11,324 - JIACHUN - INFO - 正在采集现货行情...
2019-06-25 16:30:12,724 - JIACHUN - INFO - 正在采集基差或PP利润...
2019-06-25 16:30:13,148 - JIACHUN - INFO - 正在采集价差...
2019-06-25 16:30:13,346 - JIACHUN - INFO - 正在采集净多单...
2019-06-25 16:30:14,872 - JIACHUN - INFO - 正在采集现货库存...
2019-06-25 16:30:14,988 - JIACHUN - INFO - 正在采集基差或PP利润...
2019-06-25 16:30:15,061 - JIACHUN - INFO - 正在采集进口利润...
2019-06-25 16:30:17,011 - JIACHUN - INFO - 甲醇信息写入成功!
2019-06-25 16:30:20,660 - GUZHI - INFO - 正在采集期货行情...
2019-06-25 16:30:21,204 - GUZHI - INFO - 正在采集期货行情...
2019-06-25 16:30:22,345 - GUZHI - INFO - 正在采集期货行情...
2019-06-25 16:30:23,560 - GUZHI - INFO - 正在采集期货行情...
2019-06-25 16:30:24,757 - GUZHI - INFO - 正在采集净空持仓...
2019-06-25 16:30:25,061 - GUZHI - INFO - 正在采集净空单...
2019-06-25 16:30:26,527 - GUZHI - INFO - 正在采集热点板块...
2019-06-25 16:30:41,446 - GUZHI - INFO - 股指信息写入成功!
2019-06-25 16:30:43,454 - SHUHUA - INFO - 正在采集品种分析内容...
2019-06-25 16:30:44,976 - SHUHUA - INFO - 正在采集期货行情...
2019-06-25 16:30:46,920 - SHUHUA - INFO - 正在采集现货行情...
2019-06-25 16:30:49,362 - SHUHUA - INFO - 正在采集净多单...
2019-06-25 16:30:50,823 - SHUHUA - INFO - 正在采集基差...
2019-06-25 16:30:51,839 - SHUHUA - INFO - 正在采集价差...
2019-06-25 16:30:51,839 - SHUHUA - INFO - 正在采集现货库存...
2019-06-25 16:30:52,119 - SHUHUA - INFO - 正在采集现货库存...
2019-06-25 16:30:52,985 - SHUHUA - INFO - 正在采集现货库存...
2019-06-25 16:30:54,300 - SHUHUA - INFO - 塑化信息写入成功!
2019-06-25 16:30:56,805 - PTA - INFO - 正在采集品种分析内容...
2019-06-25 16:30:57,283 - PTA - INFO - 正在采集期货行情...
2019-06-25 16:30:57,479 - PTA - INFO - 正在采集现货行情...
2019-06-25 16:30:59,133 - PTA - INFO - 正在采集净多单...
2019-06-25 16:30:59,445 - PTA - INFO - 正在采集现货库存...
2019-06-25 16:30:59,494 - PTA - INFO - 正在采集现货库存...
2019-06-25 16:31:00,315 - PTA - INFO - PTA信息写入成功!
2019-06-25 16:31:02,362 - YOUZHI - INFO - 正在采集期货行情...
2019-06-25 16:31:03,760 - YOUZHI - INFO - 正在采集期货行情...
2019-06-25 16:31:04,910 - YOUZHI - INFO - 正在采集期货行情...
2019-06-25 16:31:05,803 - YOUZHI - INFO - 正在采集期货行情...
2019-06-25 16:31:07,016 - YOUZHI - INFO - 正在采集期货行情...
2019-06-25 16:31:10,200 - YOUZHI - INFO - 正在采集基差
2019-06-25 16:31:14,932 - YOUZHI - INFO - 正在采集压榨利润
2019-06-25 16:31:15,925 - YOUZHI - INFO - 正在采集到岗成本
2019-06-25 16:31:16,704 - YOUZHI - INFO - 正在采集升贴水
2019-06-25 16:31:21,874 - JIACHUN - INFO - 正在采集品种分析内容...
2019-06-25 16:31:22,124 - JIACHUN - ERROR - 未获取品种分析页面
2019-06-25 16:31:22,124 - JIACHUN - INFO - 正在采集期货行情...
2019-06-25 16:31:22,213 - JIACHUN - INFO - 正在采集现货行情...
2019-06-25 16:31:23,432 - JIACHUN - INFO - 正在采集基差或PP利润...
2019-06-25 16:31:23,988 - JIACHUN - INFO - 正在采集价差...
2019-06-25 16:31:24,738 - JIACHUN - INFO - 正在采集净多单...
2019-06-25 16:31:26,139 - JIACHUN - INFO - 正在采集现货库存...
2019-06-25 16:31:26,205 - JIACHUN - INFO - 正在采集基差或PP利润...
2019-06-25 16:31:26,407 - JIACHUN - INFO - 正在采集进口利润...
2019-06-25 16:31:28,065 - JIACHUN - INFO - 甲醇信息写入成功!
2019-06-25 16:31:30,077 - GUZHI - INFO - 正在采集期货行情...
2019-06-25 16:31:30,597 - GUZHI - INFO - 正在采集期货行情...
2019-06-25 16:31:32,020 - GUZHI - INFO - 正在采集期货行情...
2019-06-25 16:31:33,040 - GUZHI - INFO - 正在采集期货行情...
2019-06-25 16:31:34,265 - GUZHI - INFO - 正在采集净空持仓...
2019-06-25 16:31:35,576 - GUZHI - INFO - 正在采集净空单...
2019-06-25 16:31:37,045 - GUZHI - INFO - 正在采集热点板块...
2019-06-25 16:31:39,294 - SHUHUA - INFO - 正在采集品种分析内容...
2019-06-25 16:31:40,420 - SHUHUA - INFO - 正在采集期货行情...
2019-06-25 16:31:42,314 - SHUHUA - INFO - 正在采集现货行情...
2019-06-25 16:31:44,703 - SHUHUA - INFO - 正在采集净多单...
2019-06-25 16:31:46,380 - SHUHUA - INFO - 正在采集基差...
2019-06-25 16:31:47,121 - SHUHUA - INFO - 正在采集价差...
2019-06-25 16:31:47,121 - SHUHUA - INFO - 正在采集现货库存...
2019-06-25 16:31:47,482 - SHUHUA - INFO - 正在采集现货库存...
2019-06-25 16:31:47,799 - SHUHUA - INFO - 正在采集现货库存...
2019-06-25 16:31:49,306 - SHUHUA - INFO - 塑化信息写入成功!
2019-06-25 16:31:51,212 - PTA - INFO - 正在采集品种分析内容...
2019-06-25 16:31:51,642 - PTA - INFO - 正在采集期货行情...
2019-06-25 16:31:51,811 - PTA - INFO - 正在采集现货行情...
2019-06-25 16:31:53,298 - PTA - INFO - 正在采集净多单...
2019-06-25 16:31:53,440 - PTA - INFO - 正在采集现货库存...
2019-06-25 16:31:53,493 - PTA - INFO - 正在采集现货库存...
2019-06-25 16:31:54,427 - PTA - INFO - PTA信息写入成功!
2019-06-25 16:31:56,731 - YOUZHI - INFO - 正在采集期货行情...
2019-06-25 16:31:57,363 - YOUZHI - INFO - 正在采集期货行情...
2019-06-25 16:31:58,578 - YOUZHI - INFO - 正在采集期货行情...
2019-06-25 16:31:59,726 - YOUZHI - INFO - 正在采集期货行情...
2019-06-25 16:32:01,279 - YOUZHI - INFO - 正在采集期货行情...
2019-06-25 16:32:04,337 - YOUZHI - INFO - 正在采集基差
2019-06-25 16:32:08,697 - YOUZHI - INFO - 正在采集压榨利润
2019-06-25 16:32:09,297 - YOUZHI - INFO - 正在采集到岗成本
2019-06-25 16:32:10,209 - YOUZHI - INFO - 正在采集升贴水
2019-06-25 16:32:13,711 - YOUZHI - INFO - 油脂信息写入成功!
2019-06-25 16:32:15,711 - GUZHI - INFO - 正在采集期货行情...
2019-06-25 16:32:16,228 - GUZHI - INFO - 正在采集期货行情...
2019-06-25 16:32:17,424 - GUZHI - INFO - 正在采集期货行情...
2019-06-25 16:32:18,678 - GUZHI - INFO - 正在采集期货行情...
2019-06-25 16:32:19,971 - GUZHI - INFO - 正在采集净空持仓...
2019-06-25 16:32:21,184 - GUZHI - INFO - 正在采集净空单...
2019-06-25 16:32:22,670 - GUZHI - INFO - 正在采集热点板块...
2019-06-25 16:32:40,143 - GUZHI - INFO - 股指信息写入成功!
2019-06-25 16:46:07,064 - GUZHI - INFO - 正在采集品种分析内容...
2019-06-25 16:46:09,137 - GUZHI - INFO - 正在采集期货行情...
2019-06-25 16:46:09,905 - GUZHI - INFO - 正在采集现货行情...
2019-06-25 16:46:12,003 - GUZHI - INFO - 正在采集SC基差...
2019-06-25 16:46:13,347 - GUZHI - INFO - 正在采集WTI和Brent基差...
2019-06-25 16:46:13,447 - GUZHI - INFO - 正在采集WTI和Brent基差...
2019-06-25 16:46:13,842 - GUZHI - INFO - 正在采集开工率...
2019-06-25 16:46:14,808 - GUZHI - INFO - 正在采集库存...
2019-06-25 16:46:15,138 - GUZHI - INFO - 正在采集持仓...
2019-06-25 16:46:16,525 - GUZHI - INFO - 原油信息写入成功!
2019-06-25 17:08:01,878 - JIACHUN - INFO - 正在采集品种分析内容...
2019-06-25 17:08:03,836 - JIACHUN - INFO - 正在采集期货行情...
2019-06-25 17:08:04,070 - JIACHUN - INFO - 正在采集现货行情...
2019-06-25 17:08:05,307 - JIACHUN - INFO - 正在采集基差或PP利润...
2019-06-25 17:08:05,823 - JIACHUN - INFO - 正在采集价差...
2019-06-25 17:08:06,297 - JIACHUN - INFO - 正在采集净多单...
2019-06-25 17:08:09,132 - JIACHUN - INFO - 正在采集现货库存...
2019-06-25 17:08:09,196 - JIACHUN - INFO - 正在采集基差或PP利润...
2019-06-25 17:08:09,278 - JIACHUN - INFO - 正在采集进口利润...
2019-06-25 17:08:11,252 - JIACHUN - INFO - 甲醇信息写入成功!
2019-06-25 18:04:08,719 - JIACHUN - INFO - 正在采集品种分析内容...
2019-06-25 18:04:14,534 - JIACHUN - INFO - 正在采集期货行情...
2019-06-25 18:04:14,852 - JIACHUN - INFO - 正在采集现货行情...
2019-06-25 18:04:16,141 - JIACHUN - INFO - 正在采集基差或PP利润...
2019-06-25 18:04:16,862 - JIACHUN - INFO - 正在采集价差...
2019-06-25 18:04:17,363 - JIACHUN - INFO - 正在采集净多单...
2019-06-25 18:04:19,148 - JIACHUN - INFO - 正在采集现货库存...
2019-06-25 18:04:19,222 - JIACHUN - INFO - 正在采集基差或PP利润...
2019-06-25 18:04:19,300 - JIACHUN - INFO - 正在采集进口利润...
2019-06-25 18:04:21,159 - JIACHUN - INFO - 甲醇信息写入成功!
2019-06-25 18:05:20,403 - GUZHI - INFO - 正在采集期货行情...
2019-06-25 18:05:21,126 - GUZHI - INFO - 正在采集期货行情...
2019-06-25 18:05:22,634 - GUZHI - INFO - 正在采集期货行情...
2019-06-25 18:05:23,505 - GUZHI - INFO - 正在采集期货行情...
2019-06-25 18:05:24,698 - GUZHI - INFO - 正在采集净空持仓...
2019-06-25 18:05:25,057 - GUZHI - INFO - 正在采集净空单...
2019-06-25 18:05:26,569 - GUZHI - INFO - 正在采集热点板块...
2019-06-25 18:05:38,448 - GUZHI - INFO - 股指信息写入成功!
2019-06-25 18:14:07,226 - YOUZHI - INFO - 正在采集期货行情...
2019-06-25 18:14:08,209 - YOUZHI - INFO - 正在采集期货行情...
2019-06-25 18:14:09,460 - YOUZHI - INFO - 正在采集期货行情...
2019-06-25 18:14:10,631 - YOUZHI - INFO - 正在采集期货行情...
2019-06-25 18:14:11,825 - YOUZHI - INFO - 正在采集期货行情...
2019-06-25 18:14:15,084 - YOUZHI - INFO - 正在采集基差
2019-06-25 18:14:19,421 - YOUZHI - INFO - 正在采集压榨利润
2019-06-25 18:14:20,154 - YOUZHI - INFO - 正在采集到岗成本
2019-06-25 18:14:21,074 - YOUZHI - INFO - 正在采集升贴水
2019-06-25 18:14:25,508 - YOUZHI - INFO - 油脂信息写入成功!
2019-06-25 18:16:01,022 - YOUZHI - INFO - 正在采集期货行情...
2019-06-25 18:16:01,637 - YOUZHI - INFO - 正在采集期货行情...
2019-06-25 18:16:03,050 - YOUZHI - INFO - 正在采集期货行情...
2019-06-25 18:16:04,079 - YOUZHI - INFO - 正在采集期货行情...
2019-06-25 18:16:05,293 - YOUZHI - INFO - 正在采集期货行情...
2019-06-25 18:16:08,525 - YOUZHI - INFO - 正在采集基差
2019-06-25 18:16:12,483 - YOUZHI - INFO - 正在采集压榨利润
2019-06-25 18:16:13,505 - YOUZHI - INFO - 正在采集到岗成本
2019-06-25 18:16:14,239 - YOUZHI - INFO - 正在采集升贴水
2019-06-25 18:16:17,524 - YOUZHI - INFO - 油脂信息写入成功!
2019-06-25 18:16:33,569 - YOUZHI - INFO - 正在采集期货行情...
2019-06-25 18:16:34,477 - YOUZHI - INFO - 正在采集期货行情...
2019-06-25 18:16:35,673 - YOUZHI - INFO - 正在采集期货行情...
2019-06-25 18:16:36,877 - YOUZHI - INFO - 正在采集期货行情...
2019-06-25 18:16:38,434 - YOUZHI - INFO - 正在采集期货行情...
2019-06-25 18:16:41,438 - YOUZHI - INFO - 正在采集基差
2019-06-25 18:16:46,261 - YOUZHI - INFO - 正在采集压榨利润
2019-06-25 18:16:47,095 - YOUZHI - INFO - 正在采集到岗成本
2019-06-25 18:16:48,032 - YOUZHI - INFO - 正在采集升贴水
2019-06-25 18:16:51,336 - YOUZHI - INFO - 油脂信息写入成功!
2019-06-25 18:17:43,106 - YOUZHI - INFO - 正在采集期货行情...
2019-06-25 18:17:43,637 - YOUZHI - INFO - 正在采集期货行情...
2019-06-25 18:17:45,257 - YOUZHI - INFO - 正在采集期货行情...
2019-06-25 18:17:51,041 - YOUZHI - INFO - 正在采集期货行情...
2019-06-25 18:17:51,962 - YOUZHI - INFO - 正在采集期货行情...
2019-06-25 18:17:52,988 - YOUZHI - INFO - 正在采集期货行情...
2019-06-25 18:17:54,360 - YOUZHI - INFO - 正在采集期货行情...
2019-06-25 18:17:55,525 - YOUZHI - INFO - 正在采集期货行情...
2019-06-25 18:17:58,663 - YOUZHI - INFO - 正在采集基差
2019-06-25 18:18:03,170 - YOUZHI - INFO - 正在采集压榨利润
2019-06-25 18:18:03,948 - YOUZHI - INFO - 正在采集到岗成本
2019-06-25 18:18:04,743 - YOUZHI - INFO - 正在采集升贴水
2019-06-25 18:18:08,133 - YOUZHI - INFO - 油脂信息写入成功!
