2019-06-24 17:13:38,936 - YOUZHI - INFO - 正在采集期货行情...
2019-06-24 17:13:39,710 - YOUZHI - INFO - 正在采集期货行情...
2019-06-24 17:13:40,779 - YOUZHI - INFO - 正在采集期货行情...
2019-06-24 17:13:41,954 - YOUZHI - INFO - 正在采集期货行情...
2019-06-24 17:13:43,322 - YOUZHI - INFO - 正在采集期货行情...
2019-06-24 17:13:46,364 - YOUZHI - INFO - 正在采集基差
2019-06-24 17:13:51,571 - YOUZHI - INFO - 正在采集压榨利润
2019-06-24 17:14:19,910 - YOUZHI - INFO - 正在采集期货行情...
2019-06-24 17:14:20,545 - YOUZHI - INFO - 正在采集期货行情...
2019-06-24 17:14:21,651 - YOUZHI - INFO - 正在采集期货行情...
2019-06-24 17:14:22,890 - YOUZHI - INFO - 正在采集期货行情...
2019-06-24 17:14:24,089 - YOUZHI - INFO - 正在采集期货行情...
2019-06-24 17:14:27,288 - YOUZHI - INFO - 正在采集基差
2019-06-24 17:14:32,052 - YOUZHI - INFO - 正在采集压榨利润
2019-06-24 17:14:58,727 - YOUZHI - INFO - 正在采集期货行情...
2019-06-24 17:14:59,565 - YOUZHI - INFO - 正在采集期货行情...
2019-06-24 17:15:09,662 - YOUZHI - INFO - 正在采集期货行情...
2019-06-24 17:15:11,414 - YOUZHI - INFO - 正在采集期货行情...
2019-06-24 17:15:12,657 - YOUZHI - INFO - 正在采集期货行情...
2019-06-24 17:15:16,000 - YOUZHI - INFO - 正在采集基差
2019-06-24 17:15:20,107 - YOUZHI - INFO - 正在采集压榨利润
2019-06-24 17:15:21,084 - YOUZHI - INFO - 正在采集到岗成本
2019-06-24 17:15:21,744 - YOUZHI - INFO - 正在采集升贴水
2019-06-24 17:15:30,599 - YOUZHI - INFO - 正在采集期货行情...
2019-06-24 17:15:31,157 - YOUZHI - INFO - 正在采集期货行情...
2019-06-24 17:15:32,352 - YOUZHI - INFO - 正在采集期货行情...
2019-06-24 17:15:33,553 - YOUZHI - INFO - 正在采集期货行情...
2019-06-24 17:15:34,739 - YOUZHI - INFO - 正在采集期货行情...
2019-06-24 17:15:38,041 - YOUZHI - INFO - 正在采集基差
2019-06-24 17:15:42,152 - YOUZHI - INFO - 正在采集压榨利润
2019-06-24 17:15:42,753 - YOUZHI - INFO - 正在采集到岗成本
2019-06-24 17:15:43,981 - YOUZHI - INFO - 正在采集升贴水
2019-06-24 17:16:46,251 - YOUZHI - INFO - 正在采集期货行情...
2019-06-24 17:16:46,818 - YOUZHI - INFO - 正在采集期货行情...
2019-06-24 17:16:47,987 - YOUZHI - INFO - 正在采集期货行情...
2019-06-24 17:16:49,564 - YOUZHI - INFO - 正在采集期货行情...
2019-06-24 17:16:50,408 - YOUZHI - INFO - 正在采集期货行情...
2019-06-24 17:16:53,601 - YOUZHI - INFO - 正在采集基差
2019-06-24 17:16:58,277 - YOUZHI - INFO - 正在采集压榨利润
2019-06-24 17:16:58,973 - YOUZHI - INFO - 正在采集到岗成本
2019-06-24 17:16:59,777 - YOUZHI - INFO - 正在采集升贴水
2019-06-24 17:17:09,763 - YOUZHI - INFO - 正在采集期货行情...
2019-06-24 17:17:10,266 - YOUZHI - INFO - 正在采集期货行情...
2019-06-24 17:17:11,493 - YOUZHI - INFO - 正在采集期货行情...
2019-06-24 17:17:12,705 - YOUZHI - INFO - 正在采集期货行情...
2019-06-24 17:17:13,879 - YOUZHI - INFO - 正在采集期货行情...
2019-06-24 17:17:17,058 - YOUZHI - INFO - 正在采集基差
2019-06-24 17:17:21,075 - YOUZHI - INFO - 正在采集压榨利润
2019-06-24 17:17:22,113 - YOUZHI - INFO - 正在采集到岗成本
2019-06-24 17:17:22,626 - YOUZHI - INFO - 正在采集升贴水
2019-06-24 17:17:25,994 - YOUZHI - INFO - 甲醇信息写入成功!
2019-06-24 17:24:03,829 - YOUZHI - INFO - 正在采集期货行情...
2019-06-24 17:24:04,497 - YOUZHI - INFO - 正在采集期货行情...
2019-06-24 17:24:05,700 - YOUZHI - INFO - 正在采集期货行情...
2019-06-24 17:24:06,892 - YOUZHI - INFO - 正在采集期货行情...
2019-06-24 17:24:08,073 - YOUZHI - INFO - 正在采集期货行情...
2019-06-24 17:24:11,292 - YOUZHI - INFO - 正在采集基差
2019-06-24 17:24:15,558 - YOUZHI - INFO - 正在采集压榨利润
2019-06-24 17:24:16,498 - YOUZHI - INFO - 正在采集到岗成本
2019-06-24 17:24:17,119 - YOUZHI - INFO - 正在采集升贴水
2019-06-24 17:24:20,508 - YOUZHI - INFO - 甲醇信息写入成功!
2019-06-24 17:33:21,931 - YOUZHI - INFO - 正在采集期货行情...
2019-06-24 17:33:22,579 - YOUZHI - INFO - 正在采集期货行情...
2019-06-24 17:33:23,734 - YOUZHI - INFO - 正在采集期货行情...
2019-06-24 17:33:25,015 - YOUZHI - INFO - 正在采集期货行情...
2019-06-24 17:33:26,121 - YOUZHI - INFO - 正在采集期货行情...
2019-06-24 17:33:29,273 - YOUZHI - INFO - 正在采集基差
2019-06-24 17:33:33,808 - YOUZHI - INFO - 正在采集压榨利润
2019-06-24 17:33:34,426 - YOUZHI - INFO - 正在采集到岗成本
2019-06-24 17:33:35,480 - YOUZHI - INFO - 正在采集升贴水
2019-06-24 17:33:38,841 - YOUZHI - INFO - 甲醇信息写入成功!
2019-06-24 17:34:58,626 - YOUZHI - INFO - 正在采集期货行情...
2019-06-24 17:34:59,133 - YOUZHI - INFO - 正在采集期货行情...
2019-06-24 17:35:03,029 - YOUZHI - INFO - 正在采集期货行情...
2019-06-24 17:35:03,991 - YOUZHI - INFO - 正在采集期货行情...
2019-06-24 17:35:05,289 - YOUZHI - INFO - 正在采集期货行情...
2019-06-24 17:35:08,300 - YOUZHI - INFO - 正在采集基差
2019-06-24 17:35:12,718 - YOUZHI - INFO - 正在采集压榨利润
2019-06-24 17:35:13,488 - YOUZHI - INFO - 正在采集到岗成本
2019-06-24 17:35:14,525 - YOUZHI - INFO - 正在采集升贴水
2019-06-24 17:35:18,091 - YOUZHI - INFO - 甲醇信息写入成功!
2019-06-24 17:42:26,244 - GUZHI - INFO - 正在采集期货行情...
2019-06-24 17:42:26,944 - GUZHI - INFO - 正在采集期货行情...
2019-06-24 17:42:28,191 - GUZHI - INFO - 正在采集期货行情...
2019-06-24 17:42:29,191 - GUZHI - INFO - 正在采集期货行情...
2019-06-24 17:42:30,411 - GUZHI - INFO - 正在采集净空持仓...
2019-06-24 17:42:32,835 - JIACHUN - INFO - 正在采集品种分析内容...
2019-06-24 17:42:55,327 - GUZHI - INFO - 正在采集品种分析内容...
2019-06-24 17:43:23,169 - SHUHUA - INFO - 正在采集品种分析内容...
2019-06-24 17:43:26,940 - JIACHUN - INFO - 正在采集期货行情...
2019-06-24 17:43:28,575 - GUZHI - ERROR - 未获取品种分析页面
2019-06-24 17:43:28,575 - GUZHI - INFO - 正在采集期货行情...
2019-06-24 17:43:29,172 - JIACHUN - INFO - 正在采集现货行情...
2019-06-24 17:43:30,103 - GUZHI - INFO - 正在采集现货行情...
2019-06-24 17:43:31,673 - JIACHUN - INFO - 正在采集基差或PP利润...
2019-06-24 17:43:32,106 - JIACHUN - INFO - 正在采集价差...
2019-06-24 17:43:32,515 - GUZHI - INFO - 正在采集SC基差...
2019-06-24 17:43:32,945 - JIACHUN - INFO - 正在采集净多单...
2019-06-24 17:43:33,545 - GUZHI - INFO - 正在采集WTI和Brent基差...
2019-06-24 17:43:34,351 - JIACHUN - INFO - 正在采集现货库存...
2019-06-24 17:43:34,707 - GUZHI - INFO - 正在采集WTI和Brent基差...
2019-06-24 17:43:34,761 - JIACHUN - INFO - 正在采集基差或PP利润...
2019-06-24 17:43:34,842 - SHUHUA - INFO - 正在采集品种分析内容...
2019-06-24 17:43:35,026 - GUZHI - INFO - 正在采集开工率...
2019-06-24 17:43:35,181 - JIACHUN - INFO - 正在采集进口利润...
2019-06-24 17:43:35,782 - GUZHI - INFO - 正在采集库存...
2019-06-24 17:43:36,972 - GUZHI - INFO - 正在采集持仓...
2019-06-24 17:43:38,482 - JIACHUN - INFO - 甲醇信息写入成功!
2019-06-24 17:43:38,831 - GUZHI - INFO - 原油信息写入成功!
2019-06-24 17:43:46,748 - GUZHI - INFO - 正在采集期货行情...
2019-06-24 17:43:47,255 - GUZHI - INFO - 正在采集期货行情...
2019-06-24 17:43:48,457 - GUZHI - INFO - 正在采集期货行情...
2019-06-24 17:43:49,773 - GUZHI - INFO - 正在采集期货行情...
2019-06-24 17:43:50,871 - GUZHI - INFO - 正在采集净空持仓...
2019-06-24 17:44:18,886 - PTA - INFO - 正在采集品种分析内容...
2019-06-24 17:44:23,486 - PTA - INFO - 正在采集期货行情...
2019-06-24 17:44:23,618 - PTA - INFO - 正在采集现货行情...
2019-06-24 17:44:25,103 - PTA - INFO - 正在采集净多单...
2019-06-24 17:44:25,239 - PTA - INFO - 正在采集现货库存...
2019-06-24 17:44:25,341 - PTA - INFO - 正在采集现货库存...
2019-06-24 17:44:26,376 - PTA - INFO - PTA信息写入成功!
2019-06-24 18:04:00,261 - YOUZHI - INFO - 正在采集期货行情...
2019-06-24 18:04:00,933 - YOUZHI - INFO - 正在采集期货行情...
2019-06-24 18:04:02,110 - YOUZHI - INFO - 正在采集期货行情...
2019-06-24 18:04:03,255 - YOUZHI - INFO - 正在采集期货行情...
2019-06-24 18:04:04,586 - YOUZHI - INFO - 正在采集期货行情...
2019-06-24 18:04:07,692 - YOUZHI - INFO - 正在采集基差
2019-06-24 18:04:12,304 - YOUZHI - INFO - 正在采集压榨利润
2019-06-24 18:04:12,817 - YOUZHI - INFO - 正在采集到岗成本
2019-06-24 18:04:13,822 - YOUZHI - INFO - 正在采集升贴水
2019-06-24 18:04:17,143 - YOUZHI - INFO - 甲醇信息写入成功!
2019-06-24 18:06:52,508 - YOUZHI - INFO - 正在采集期货行情...
2019-06-24 18:06:53,053 - YOUZHI - INFO - 正在采集期货行情...
2019-06-24 18:06:54,231 - YOUZHI - INFO - 正在采集期货行情...
2019-06-24 18:06:55,555 - YOUZHI - INFO - 正在采集期货行情...
2019-06-24 18:06:56,756 - YOUZHI - INFO - 正在采集期货行情...
2019-06-24 18:06:59,774 - YOUZHI - INFO - 正在采集基差
2019-06-24 18:07:04,050 - YOUZHI - INFO - 正在采集压榨利润
2019-06-24 18:07:04,745 - YOUZHI - INFO - 正在采集到岗成本
2019-06-24 18:07:05,461 - YOUZHI - INFO - 正在采集升贴水
2019-06-24 18:07:08,759 - YOUZHI - INFO - 甲醇信息写入成功!
2019-06-24 18:07:40,861 - YOUZHI - INFO - 正在采集期货行情...
2019-06-24 18:07:41,440 - YOUZHI - INFO - 正在采集期货行情...
2019-06-24 18:07:42,622 - YOUZHI - INFO - 正在采集期货行情...
2019-06-24 18:07:43,811 - YOUZHI - INFO - 正在采集期货行情...
2019-06-24 18:07:45,079 - YOUZHI - INFO - 正在采集期货行情...
2019-06-24 18:07:48,277 - YOUZHI - INFO - 正在采集基差
2019-06-24 18:07:52,550 - YOUZHI - INFO - 正在采集压榨利润
2019-06-24 18:07:53,333 - YOUZHI - INFO - 正在采集到岗成本
2019-06-24 18:07:54,061 - YOUZHI - INFO - 正在采集升贴水
2019-06-24 18:07:57,603 - YOUZHI - INFO - 甲醇信息写入成功!
