2019-06-19 17:13:44,568 - SHUHUA - INFO - 正在采集品种分析内容...
2019-06-19 17:13:44,567 - SHUHUA - INFO - 正在采集品种分析内容...
2019-06-19 17:13:44,490 - GUZHI - INFO - 正在采集品种分析内容...
2019-06-19 17:13:44,518 - PTA - INFO - 正在采集品种分析内容...
2019-06-19 17:13:44,558 - JIACHUN - INFO - 正在采集品种分析内容...
2019-06-19 17:13:44,654 - GUZHI - INFO - 正在采集期货行情...
2019-06-19 17:13:45,812 - GUZHI - ERROR - 未获取品种分析页面
2019-06-19 17:13:45,812 - GUZHI - INFO - 正在采集期货行情...
2019-06-19 17:13:46,053 - PTA - INFO - 正在采集期货行情...
2019-06-19 17:13:46,099 - JIACHUN - INFO - 正在采集期货行情...
2019-06-19 17:13:46,532 - SHUHUA - INFO - 正在采集期货行情...
2019-06-19 17:13:48,081 - SHUHUA - INFO - 正在采集期货行情...
2019-06-19 17:13:57,798 - GUZHI - INFO - 正在采集期货行情...
2019-06-19 17:17:23,111 - PTA - INFO - 正在采集现货行情...
2019-06-19 17:17:35,507 - JIACHUN - INFO - 正在采集现货行情...
2019-06-19 17:17:48,056 - SHUHUA - INFO - 正在采集现货行情...
2019-06-19 17:18:00,409 - GUZHI - INFO - 正在采集现货行情...
2019-06-19 17:18:12,507 - PTA - INFO - 正在采集净多单...
2019-06-19 17:18:12,679 - PTA - INFO - 正在采集现货库存...
2019-06-19 17:18:25,560 - SHUHUA - INFO - 正在采集基差...
2019-06-19 17:18:25,609 - GUZHI - INFO - 正在采集期货行情...
2019-06-19 17:18:25,854 - PTA - INFO - 正在采集现货库存...
2019-06-19 17:18:26,211 - SHUHUA - INFO - 正在采集净多单...
2019-06-19 17:18:27,420 - SHUHUA - INFO - 正在采集现货价格或者现货库存...
2019-06-19 17:19:27,288 - JIACHUN - INFO - 正在采集基差或PP利润...
2019-06-19 17:19:27,474 - SHUHUA - INFO - 正在采集现货价格或者现货库存...
2019-06-19 17:19:27,562 - GUZHI - INFO - 正在采集SC基差...
2019-06-19 17:19:27,655 - JIACHUN - INFO - 正在采集价差...
2019-06-19 17:19:27,764 - PTA - INFO - PTA信息写入成功!
2019-06-19 17:21:28,189 - SHUHUA - INFO - 正在采集外盘期货...
2019-06-19 17:21:40,491 - GUZHI - INFO - 正在采集期货行情...
2019-06-19 17:21:40,829 - GUZHI - INFO - 正在采集WTI和Brent基差...
2019-06-19 17:21:41,103 - JIACHUN - INFO - 正在采集净多单...
2019-06-19 17:21:42,319 - JIACHUN - INFO - 正在采集现货库存...
2019-06-19 17:21:53,237 - SHUHUA - INFO - 正在采集现货行情...
2019-06-19 17:21:53,904 - GUZHI - INFO - 正在采集WTI和Brent基差...
2019-06-19 17:21:53,998 - JIACHUN - INFO - 正在采集基差或PP利润...
2019-06-19 17:21:54,262 - SHUHUA - INFO - 橡胶信息写入成功!
2019-06-19 17:21:57,660 - GUZHI - INFO - 正在采集开工率...
2019-06-19 17:22:00,182 - JIACHUN - INFO - 正在采集进口利润...
2019-06-19 17:22:00,521 - GUZHI - INFO - 正在采集净空持仓...
2019-06-19 17:22:00,601 - GUZHI - INFO - 正在采集库存...
2019-06-19 17:22:01,515 - GUZHI - INFO - 正在采集持仓...
2019-06-19 17:22:02,064 - GUZHI - INFO - 正在采集净空单...
2019-06-19 17:22:03,537 - GUZHI - INFO - 正在采集热点板块...
2019-06-19 17:22:03,878 - JIACHUN - INFO - 甲醇信息写入成功!
2019-06-19 17:22:04,972 - GUZHI - INFO - 原油信息写入成功!
2019-06-19 17:22:05,755 - SHUHUA - INFO - 正在采集净多单...
2019-06-19 17:22:07,337 - SHUHUA - INFO - 正在采集基差...
2019-06-19 17:22:08,298 - SHUHUA - INFO - 正在采集价差...
2019-06-19 17:22:08,299 - SHUHUA - INFO - 正在采集现货库存...
2019-06-19 17:22:09,103 - SHUHUA - INFO - 正在采集现货库存...
2019-06-19 17:22:09,234 - SHUHUA - INFO - 正在采集现货库存...
2019-06-19 17:22:11,122 - SHUHUA - INFO - 塑化信息写入成功!
