2019-06-18 17:13:06,602 - SHUHUA - INFO - 正在采集品种分析内容...
2019-06-18 17:13:06,602 - JIACHUN - INFO - 正在采集品种分析内容...
2019-06-18 17:13:06,602 - PTA - INFO - 正在采集品种分析内容...
2019-06-18 17:13:06,602 - SHUHUA - INFO - 正在采集品种分析内容...
2019-06-18 17:13:06,602 - GUZHI - INFO - 正在采集期货行情...
2019-06-18 17:13:08,238 - GUZHI - INFO - 正在采集期货行情...
2019-06-18 17:13:10,240 - GUZHI - INFO - 正在采集期货行情...
2019-06-18 17:13:10,465 - JIACHUN - INFO - 正在采集期货行情...
2019-06-18 17:13:10,491 - PTA - INFO - 正在采集期货行情...
2019-06-18 17:13:10,943 - SHUHUA - INFO - 正在采集期货行情...
2019-06-18 17:13:11,192 - JIACHUN - INFO - 正在采集现货行情...
2019-06-18 17:13:11,561 - PTA - INFO - 正在采集现货行情...
2019-06-18 17:13:11,910 - GUZHI - INFO - 正在采集期货行情...
2019-06-18 17:13:12,254 - SHUHUA - INFO - 正在采集期货行情...
2019-06-18 17:13:14,013 - SHUHUA - INFO - 正在采集现货行情...
2019-06-18 17:13:15,631 - SHUHUA - INFO - 正在采集基差...
2019-06-18 17:13:16,326 - JIACHUN - INFO - 正在采集基差或PP利润...
2019-06-18 17:13:16,761 - GUZHI - INFO - 正在采集净空持仓...
2019-06-18 17:13:17,131 - GUZHI - INFO - 正在采集净空单...
2019-06-18 17:13:17,471 - SHUHUA - INFO - 正在采集净多单...
2019-06-18 17:13:17,966 - JIACHUN - INFO - 正在采集价差...
2019-06-18 17:13:18,824 - SHUHUA - INFO - 正在采集现货价格或者现货库存...
2019-06-18 17:13:18,833 - GUZHI - INFO - 正在采集热点板块...
2019-06-18 17:13:18,868 - PTA - INFO - 正在采集净多单...
2019-06-18 17:13:19,010 - PTA - INFO - 正在采集现货库存...
2019-06-18 17:13:19,077 - SHUHUA - INFO - 正在采集现货价格或者现货库存...
2019-06-18 17:13:19,175 - SHUHUA - INFO - 正在采集现货行情...
2019-06-18 17:13:19,883 - JIACHUN - INFO - 正在采集净多单...
2019-06-18 17:13:19,975 - PTA - INFO - 正在采集现货库存...
2019-06-18 17:13:20,605 - SHUHUA - INFO - 正在采集外盘期货...
2019-06-18 17:13:21,115 - JIACHUN - INFO - 正在采集现货库存...
2019-06-18 17:13:21,638 - JIACHUN - INFO - 正在采集基差或PP利润...
2019-06-18 17:13:22,452 - PTA - INFO - PTA信息写入成功!
2019-06-18 17:13:22,860 - SHUHUA - INFO - 橡胶信息写入成功!
2019-06-18 17:13:22,994 - JIACHUN - INFO - 正在采集进口利润...
2019-06-18 17:13:26,224 - JIACHUN - INFO - 甲醇信息写入成功!
2019-06-18 17:13:26,237 - SHUHUA - INFO - 正在采集净多单...
2019-06-18 17:13:27,876 - SHUHUA - INFO - 正在采集基差...
2019-06-18 17:13:29,669 - SHUHUA - INFO - 正在采集价差...
2019-06-18 17:13:29,669 - SHUHUA - INFO - 正在采集现货库存...
2019-06-18 17:13:29,811 - SHUHUA - INFO - 正在采集现货库存...
2019-06-18 17:13:30,262 - SHUHUA - INFO - 正在采集现货库存...
2019-06-18 17:13:31,326 - SHUHUA - INFO - 塑化信息写入成功!
2019-06-18 17:13:31,852 - GUZHI - INFO - 股指信息写入成功!
2019-06-18 17:14:00,918 - GUZHI - INFO - 正在采集品种分析内容...
2019-06-18 17:14:01,553 - GUZHI - ERROR - 未获取品种分析页面
2019-06-18 17:14:01,553 - GUZHI - INFO - 正在采集期货行情...
2019-06-18 17:14:02,868 - GUZHI - INFO - 正在采集现货行情...
2019-06-18 17:14:04,018 - GUZHI - INFO - 正在采集SC基差...
2019-06-18 17:14:07,069 - GUZHI - INFO - 正在采集WTI和Brent基差...
2019-06-18 17:14:07,448 - GUZHI - INFO - 正在采集WTI和Brent基差...
2019-06-18 17:14:07,645 - GUZHI - INFO - 正在采集开工率...
2019-06-18 17:14:08,056 - GUZHI - INFO - 正在采集库存...
2019-06-18 17:14:09,355 - GUZHI - INFO - 正在采集持仓...
2019-06-18 17:14:10,548 - GUZHI - INFO - 原油信息写入成功!
2019-06-18 17:18:37,026 - SHUHUA - INFO - 正在采集品种分析内容...
2019-06-18 17:18:39,532 - SHUHUA - INFO - 正在采集期货行情...
2019-06-18 17:18:39,870 - SHUHUA - INFO - 正在采集现货行情...
2019-06-18 17:18:40,442 - SHUHUA - INFO - 正在采集基差...
2019-06-18 17:18:40,629 - SHUHUA - INFO - 正在采集净多单...
2019-06-18 17:18:42,460 - SHUHUA - INFO - 正在采集现货价格或者现货库存...
2019-06-18 17:18:42,536 - SHUHUA - INFO - 正在采集现货价格或者现货库存...
2019-06-18 17:18:42,622 - SHUHUA - INFO - 正在采集外盘期货...
2019-06-18 17:18:43,865 - SHUHUA - INFO - 橡胶信息写入成功!
2019-06-18 17:35:54,141 - SHUHUA - INFO - 正在采集价差...
2019-06-18 17:35:54,141 - SHUHUA - INFO - 正在采集现货库存...
2019-06-18 17:35:54,467 - SHUHUA - INFO - 正在采集现货库存...
2019-06-18 17:35:54,778 - SHUHUA - INFO - 正在采集现货库存...
2019-06-18 17:36:32,182 - SHUHUA - INFO - 正在采集价差...
2019-06-18 17:36:32,182 - SHUHUA - INFO - 正在采集现货库存...
2019-06-18 17:36:33,157 - SHUHUA - INFO - 正在采集现货库存...
2019-06-18 17:36:33,984 - SHUHUA - INFO - 正在采集现货库存...
2019-06-18 17:38:08,584 - SHUHUA - INFO - 正在采集品种分析内容...
2019-06-18 17:38:09,793 - SHUHUA - INFO - 正在采集期货行情...
2019-06-18 17:38:11,479 - SHUHUA - INFO - 正在采集现货行情...
2019-06-18 17:38:14,933 - SHUHUA - INFO - 正在采集净多单...
2019-06-18 17:38:16,461 - SHUHUA - INFO - 正在采集基差...
2019-06-18 17:38:17,196 - SHUHUA - INFO - 正在采集价差...
2019-06-18 17:38:17,197 - SHUHUA - INFO - 正在采集现货库存...
2019-06-18 17:39:17,447 - SHUHUA - INFO - 正在采集价差...
2019-06-18 17:39:17,448 - SHUHUA - INFO - 正在采集现货库存...
2019-06-18 17:39:45,157 - SHUHUA - INFO - 正在采集价差...
2019-06-18 17:39:45,157 - SHUHUA - INFO - 正在采集现货库存...
2019-06-18 17:40:05,491 - SHUHUA - INFO - 正在采集价差...
2019-06-18 17:40:05,491 - SHUHUA - INFO - 正在采集现货库存...
2019-06-18 17:40:05,798 - SHUHUA - INFO - 正在采集现货库存...
2019-06-18 17:40:05,911 - SHUHUA - INFO - 正在采集现货库存...
2019-06-18 17:40:28,947 - SHUHUA - INFO - 正在采集品种分析内容...
2019-06-18 17:40:30,032 - SHUHUA - INFO - 正在采集期货行情...
2019-06-18 17:40:31,808 - SHUHUA - INFO - 正在采集现货行情...
2019-06-18 17:40:34,337 - SHUHUA - INFO - 正在采集净多单...
2019-06-18 17:40:35,807 - SHUHUA - INFO - 正在采集基差...
2019-06-18 17:40:36,758 - SHUHUA - INFO - 正在采集价差...
2019-06-18 17:40:36,759 - SHUHUA - INFO - 正在采集现货库存...
2019-06-18 17:40:37,203 - SHUHUA - INFO - 正在采集现货库存...
2019-06-18 17:40:37,642 - SHUHUA - INFO - 正在采集现货库存...
2019-06-18 17:40:38,709 - SHUHUA - INFO - 塑化信息写入成功!
