2019-06-26 10:00:03,092 - YOUZHI - INFO - 正在采集基差
2019-06-26 10:01:15,994 - YOUZHI - INFO - 正在采集期货行情...
2019-06-26 10:01:16,615 - YOUZHI - INFO - 正在采集期货行情...
2019-06-26 10:01:17,728 - YOUZHI - INFO - 正在采集期货行情...
2019-06-26 10:01:19,072 - YOUZHI - INFO - 正在采集期货行情...
2019-06-26 10:01:20,134 - YOUZHI - INFO - 正在采集期货行情...
2019-06-26 10:01:23,344 - YOUZHI - INFO - 正在采集基差
2019-06-26 10:01:27,677 - YOUZHI - INFO - 正在采集压榨利润
2019-06-26 10:01:28,242 - YOUZHI - INFO - 正在采集到岗成本
2019-06-26 10:01:29,192 - YOUZHI - INFO - 正在采集升贴水
2019-06-26 10:01:34,665 - YOUZHI - INFO - 油脂信息写入成功!
2019-06-26 17:28:04,267 - YOUZHI - INFO - 正在采集期货行情...
2019-06-26 17:28:04,956 - YOUZHI - INFO - 正在采集期货行情...
2019-06-26 17:28:06,189 - YOUZHI - INFO - 正在采集期货行情...
2019-06-26 17:28:07,393 - YOUZHI - INFO - 正在采集期货行情...
2019-06-26 17:28:08,606 - YOUZHI - INFO - 正在采集期货行情...
2019-06-26 17:28:11,928 - YOUZHI - INFO - 正在采集基差
2019-06-26 17:28:16,118 - YOUZHI - INFO - 正在采集压榨利润
2019-06-26 17:28:17,524 - YOUZHI - INFO - 正在采集到岗成本
2019-06-26 17:28:18,655 - YOUZHI - INFO - 正在采集升贴水
2019-06-26 17:28:22,165 - YOUZHI - INFO - 油脂信息写入成功!
2019-06-26 17:28:44,434 - JIACHUN - INFO - 正在采集品种分析内容...
2019-06-26 17:28:45,709 - JIACHUN - INFO - 正在采集期货行情...
2019-06-26 17:28:45,929 - JIACHUN - INFO - 正在采集现货行情...
2019-06-26 17:28:58,623 - JIACHUN - INFO - 正在采集品种分析内容...
2019-06-26 17:28:59,036 - JIACHUN - INFO - 正在采集期货行情...
2019-06-26 17:28:59,118 - JIACHUN - INFO - 正在采集现货行情...
2019-06-26 17:29:00,548 - JIACHUN - INFO - 正在采集基差或PP利润...
2019-06-26 17:29:01,123 - JIACHUN - INFO - 正在采集价差...
2019-06-26 17:29:01,184 - JIACHUN - INFO - 正在采集净多单...
2019-06-26 17:29:02,384 - JIACHUN - INFO - 正在采集现货库存...
2019-06-26 17:29:02,446 - JIACHUN - INFO - 正在采集基差或PP利润...
2019-06-26 17:29:02,877 - JIACHUN - INFO - 正在采集进口利润...
2019-06-26 17:29:04,457 - JIACHUN - INFO - 甲醇信息写入成功!
2019-06-26 17:29:06,670 - GUZHI - INFO - 正在采集期货行情...
2019-06-26 17:29:07,206 - GUZHI - INFO - 正在采集期货行情...
2019-06-26 17:29:08,691 - GUZHI - INFO - 正在采集期货行情...
2019-06-26 17:29:09,546 - GUZHI - INFO - 正在采集期货行情...
2019-06-26 17:29:10,766 - GUZHI - INFO - 正在采集净空持仓...
2019-06-26 17:29:14,439 - GUZHI - INFO - 正在采集净空单...
2019-06-26 17:29:15,904 - GUZHI - INFO - 正在采集热点板块...
2019-06-26 17:29:30,480 - GUZHI - INFO - 股指信息写入成功!
2019-06-26 17:29:32,550 - SHUHUA - INFO - 正在采集品种分析内容...
2019-06-26 17:29:33,806 - SHUHUA - INFO - 正在采集期货行情...
2019-06-26 17:29:35,465 - SHUHUA - INFO - 正在采集现货行情...
2019-06-26 17:29:38,024 - SHUHUA - INFO - 正在采集净多单...
2019-06-26 17:29:39,474 - SHUHUA - INFO - 正在采集基差...
2019-06-26 17:29:40,030 - SHUHUA - INFO - 正在采集价差...
2019-06-26 17:29:40,031 - SHUHUA - INFO - 正在采集现货库存...
2019-06-26 17:29:40,535 - SHUHUA - INFO - 正在采集现货库存...
2019-06-26 17:29:41,163 - SHUHUA - INFO - 正在采集现货库存...
2019-06-26 17:29:42,647 - SHUHUA - INFO - 塑化信息写入成功!
2019-06-26 17:29:45,059 - PTA - INFO - 正在采集品种分析内容...
2019-06-26 17:29:45,583 - PTA - INFO - 正在采集期货行情...
2019-06-26 17:29:45,666 - PTA - INFO - 正在采集现货行情...
2019-06-26 17:29:47,226 - PTA - INFO - 正在采集净多单...
2019-06-26 17:29:47,356 - PTA - INFO - 正在采集现货库存...
2019-06-26 17:29:47,615 - PTA - INFO - 正在采集现货库存...
2019-06-26 17:29:48,365 - PTA - INFO - PTA信息写入成功!
2019-06-26 17:29:50,388 - YOUZHI - INFO - 正在采集期货行情...
2019-06-26 17:29:50,983 - YOUZHI - INFO - 正在采集期货行情...
2019-06-26 17:29:52,143 - YOUZHI - INFO - 正在采集期货行情...
2019-06-26 17:29:53,407 - YOUZHI - INFO - 正在采集期货行情...
2019-06-26 17:29:54,553 - YOUZHI - INFO - 正在采集期货行情...
2019-06-26 17:29:58,522 - YOUZHI - INFO - 正在采集基差
2019-06-26 17:30:02,993 - YOUZHI - INFO - 正在采集压榨利润
2019-06-26 17:30:03,717 - YOUZHI - INFO - 正在采集到岗成本
2019-06-26 17:30:04,488 - YOUZHI - INFO - 正在采集升贴水
2019-06-26 17:30:08,267 - YOUZHI - INFO - 油脂信息写入成功!
2019-06-26 17:30:10,237 - XIANGJIAO - INFO - 正在采集品种分析内容...
2019-06-26 17:30:12,394 - XIANGJIAO - INFO - 正在采集期货行情...
2019-06-26 17:30:12,506 - XIANGJIAO - INFO - 正在采集现货行情...
2019-06-26 17:30:12,905 - XIANGJIAO - INFO - 正在采集基差...
2019-06-26 17:30:13,734 - XIANGJIAO - INFO - 正在采集净多单...
2019-06-26 17:30:14,971 - XIANGJIAO - INFO - 正在采集现货价格或者现货库存...
2019-06-26 17:30:15,035 - XIANGJIAO - INFO - 正在采集现货价格或者现货库存...
2019-06-26 17:30:15,380 - XIANGJIAO - INFO - 正在采集外盘期货...
2019-06-26 17:30:16,651 - XIANGJIAO - INFO - 橡胶信息写入成功!
2019-06-26 17:30:54,931 - YOUZHI - INFO - 正在采集期货行情...
2019-06-26 17:30:55,534 - YOUZHI - INFO - 正在采集期货行情...
2019-06-26 17:30:56,632 - YOUZHI - INFO - 正在采集期货行情...
2019-06-26 17:30:57,963 - YOUZHI - INFO - 正在采集期货行情...
2019-06-26 17:30:59,073 - YOUZHI - INFO - 正在采集期货行情...
2019-06-26 17:31:02,298 - YOUZHI - INFO - 正在采集基差
2019-06-26 17:31:06,748 - YOUZHI - INFO - 正在采集压榨利润
2019-06-26 17:31:07,516 - YOUZHI - INFO - 正在采集到岗成本
2019-06-26 17:31:08,520 - YOUZHI - INFO - 正在采集升贴水
