2019-07-25 16:08:17,206 - YOUZHI - INFO - 正在采集现货库存...
2019-07-25 16:08:17,758 - YOUZHI - INFO - 正在采集现货库存...
2019-07-25 16:08:18,292 - YOUZHI - INFO - 正在采集现货库存...
2019-07-25 16:08:18,360 - YOUZHI - INFO - 正在采集现货库存...
2019-07-25 16:12:08,230 - YOUZHI - INFO - 正在采集合成氨数据!
2019-07-25 16:12:11,638 - YOUZHI - INFO - 正在采集尿素数据!
2019-07-25 16:12:16,884 - YOUZHI - INFO - 正在采集煤炭数据!
2019-07-25 16:12:17,872 - YOUZHI - INFO - 正在采集甲醇数据!
2019-07-25 16:12:21,200 - YOUZHI - INFO - 正在采集合成氨图片数据!
2019-07-25 16:12:21,764 - YOUZHI - INFO - 正在采集合MAP与DAP图片数据!
2019-07-25 16:12:22,861 - YOUZHI - INFO - 正在采集五年图片数据...
2019-07-25 16:12:25,035 - YOUZHI - INFO - 尿素信息写入成功!
2019-07-25 16:40:47,589 - YOUZHI - INFO - 正在采集合成氨数据!
2019-07-25 16:40:51,087 - YOUZHI - INFO - 正在采集尿素数据!
2019-07-25 16:40:56,230 - YOUZHI - INFO - 正在采集煤炭数据!
2019-07-25 16:40:57,256 - YOUZHI - INFO - 正在采集甲醇数据!
2019-07-25 16:41:00,196 - YOUZHI - INFO - 正在采集合成氨图片数据!
2019-07-25 16:41:00,809 - YOUZHI - INFO - 正在采集合MAP与DAP图片数据!
2019-07-25 16:41:01,046 - YOUZHI - INFO - 正在采集五年图片数据...
2019-07-25 16:41:03,471 - YOUZHI - INFO - 尿素信息写入成功!
2019-07-25 16:46:22,644 - YOUZHI - INFO - 正在采集合成氨数据!
2019-07-25 16:46:26,276 - YOUZHI - INFO - 正在采集尿素数据!
2019-07-25 16:46:31,089 - YOUZHI - INFO - 正在采集煤炭数据!
2019-07-25 16:46:31,730 - YOUZHI - INFO - 正在采集甲醇数据!
2019-07-25 16:46:34,197 - YOUZHI - INFO - 正在采集合成氨图片数据!
2019-07-25 16:46:34,793 - YOUZHI - INFO - 正在采集合MAP与DAP图片数据!
2019-07-25 16:46:35,124 - YOUZHI - INFO - 正在采集五年图片数据...
2019-07-25 16:46:37,347 - YOUZHI - INFO - 尿素信息写入成功!
