2019-06-14 15:46:30,188 - GUZHI - INFO - 正在采集期货行情...
2019-06-14 15:46:30,858 - GUZHI - INFO - 正在采集期货行情...
2019-06-14 15:46:32,087 - GUZHI - INFO - 正在采集期货行情...
2019-06-14 15:46:33,324 - GUZHI - INFO - 正在采集期货行情...
2019-06-14 15:46:35,761 - JIACHUN - INFO - 正在采集品种分析内容...
2019-06-14 15:46:36,362 - GUZHI - INFO - 正在采集净空持仓...
2019-06-14 15:46:36,371 - JIACHUN - ERROR - 未获取品种分析页面
2019-06-14 15:46:36,371 - JIACHUN - INFO - 正在采集期货行情...
2019-06-14 15:46:37,076 - JIACHUN - INFO - 正在采集现货行情...
2019-06-14 15:46:38,137 - JIACHUN - INFO - 正在采集基差或PP利润...
2019-06-14 15:46:38,587 - JIACHUN - INFO - 正在采集价差...
2019-06-14 15:46:39,084 - JIACHUN - INFO - 正在采集净多单...
2019-06-14 15:46:40,711 - JIACHUN - INFO - 正在采集现货库存...
2019-06-14 15:46:40,851 - JIACHUN - INFO - 正在采集基差或PP利润...
2019-06-14 15:46:41,035 - JIACHUN - INFO - 正在采集进口利润...
2019-06-14 15:46:45,795 - JIACHUN - INFO - 甲醇信息写入成功!
2019-06-14 15:48:49,708 - SHUHUA - INFO - 正在采集品种分析内容...
2019-06-14 15:48:50,291 - SHUHUA - INFO - 正在采集期货行情...
2019-06-14 15:48:52,186 - SHUHUA - INFO - 正在采集现货行情...
2019-06-14 15:48:54,500 - SHUHUA - INFO - 正在采集净多单...
2019-06-14 15:48:55,974 - SHUHUA - INFO - 正在采集基差...
2019-06-14 15:48:56,768 - SHUHUA - INFO - 正在采集价差...
2019-06-14 15:48:56,768 - SHUHUA - INFO - 正在采集现货库存...
2019-06-14 15:48:57,195 - SHUHUA - INFO - 正在采集现货库存...
2019-06-14 15:48:57,514 - SHUHUA - INFO - 正在采集现货库存...
2019-06-14 15:48:58,675 - SHUHUA - INFO - 塑化信息写入成功!
2019-06-14 15:49:37,587 - SHUHUA - INFO - 正在采集品种分析内容...
2019-06-14 15:49:38,035 - SHUHUA - INFO - 正在采集期货行情...
2019-06-14 15:49:40,025 - SHUHUA - INFO - 正在采集现货行情...
2019-06-14 15:49:42,675 - SHUHUA - INFO - 正在采集净多单...
2019-06-14 15:49:44,171 - SHUHUA - INFO - 正在采集基差...
2019-06-14 15:49:45,005 - SHUHUA - INFO - 正在采集价差...
2019-06-14 15:49:45,006 - SHUHUA - INFO - 正在采集现货库存...
2019-06-14 15:49:45,626 - SHUHUA - INFO - 正在采集现货库存...
2019-06-14 15:49:45,725 - SHUHUA - INFO - 正在采集现货库存...
2019-06-14 15:49:47,320 - SHUHUA - INFO - 塑化信息写入成功!
2019-06-14 15:49:52,293 - SHUHUA - INFO - 正在采集品种分析内容...
2019-06-14 15:49:52,827 - SHUHUA - INFO - 正在采集期货行情...
2019-06-14 15:49:54,604 - SHUHUA - INFO - 正在采集现货行情...
2019-06-14 15:49:57,361 - SHUHUA - INFO - 正在采集净多单...
2019-06-14 15:49:59,012 - SHUHUA - INFO - 正在采集基差...
2019-06-14 15:49:59,938 - SHUHUA - INFO - 正在采集价差...
2019-06-14 15:49:59,939 - SHUHUA - INFO - 正在采集现货库存...
2019-06-14 15:50:00,275 - SHUHUA - INFO - 正在采集现货库存...
2019-06-14 15:50:00,558 - SHUHUA - INFO - 正在采集现货库存...
2019-06-14 15:50:01,677 - SHUHUA - INFO - 塑化信息写入成功!
2019-06-14 15:50:16,826 - SHUHUA - INFO - 正在采集品种分析内容...
2019-06-14 15:50:19,247 - SHUHUA - INFO - 正在采集期货行情...
2019-06-14 15:50:19,449 - SHUHUA - INFO - 正在采集现货行情...
2019-06-14 15:50:19,754 - SHUHUA - INFO - 正在采集基差...
2019-06-14 15:50:20,351 - SHUHUA - INFO - 正在采集净多单...
2019-06-14 15:50:21,542 - SHUHUA - INFO - 正在采集现货价格或者现货库存...
2019-06-14 15:50:21,613 - SHUHUA - INFO - 正在采集现货价格或者现货库存...
2019-06-14 15:50:21,701 - SHUHUA - INFO - 正在采集外盘期货...
2019-06-14 15:50:23,241 - SHUHUA - INFO - 橡胶信息写入成功!
2019-06-14 15:50:35,084 - GUZHI - INFO - 正在采集品种分析内容...
2019-06-14 15:50:35,316 - GUZHI - ERROR - 未获取品种分析页面
2019-06-14 15:50:35,317 - GUZHI - INFO - 正在采集期货行情...
2019-06-14 15:50:36,718 - GUZHI - INFO - 正在采集现货行情...
2019-06-14 15:50:37,579 - GUZHI - INFO - 正在采集SC基差...
2019-06-14 15:50:38,407 - GUZHI - INFO - 正在采集WTI和Brent基差...
2019-06-14 15:50:38,487 - GUZHI - INFO - 正在采集WTI和Brent基差...
2019-06-14 15:50:38,887 - GUZHI - INFO - 正在采集开工率...
2019-06-14 15:50:39,316 - GUZHI - INFO - 正在采集库存...
2019-06-14 15:50:39,898 - GUZHI - INFO - 正在采集持仓...
2019-06-14 15:50:41,177 - GUZHI - INFO - 原油信息写入成功!
2019-06-14 16:36:54,701 - GUZHI - INFO - 正在采集期货行情...
2019-06-14 16:36:55,475 - GUZHI - INFO - 正在采集期货行情...
2019-06-14 16:36:56,615 - GUZHI - INFO - 正在采集期货行情...
2019-06-14 16:36:57,851 - GUZHI - INFO - 正在采集期货行情...
2019-06-14 16:36:59,119 - GUZHI - INFO - 正在采集净空持仓...
2019-06-14 16:36:59,516 - GUZHI - INFO - 正在采集净空单...
2019-06-14 16:37:02,107 - GUZHI - INFO - 正在采集热点板块...
2019-06-14 16:37:14,465 - GUZHI - INFO - 股指信息写入成功!
2019-06-14 16:38:07,477 - JIACHUN - INFO - 正在采集品种分析内容...
2019-06-14 16:38:11,796 - JIACHUN - ERROR - 未获取品种分析页面
2019-06-14 16:38:11,797 - JIACHUN - INFO - 正在采集期货行情...
2019-06-14 16:38:24,870 - GUZHI - INFO - 正在采集品种分析内容...
2019-06-14 16:38:25,131 - GUZHI - ERROR - 未获取品种分析页面
2019-06-14 16:38:25,131 - GUZHI - INFO - 正在采集期货行情...
2019-06-14 16:38:31,086 - GUZHI - INFO - 正在采集现货行情...
2019-06-14 16:38:32,497 - GUZHI - INFO - 正在采集SC基差...
2019-06-14 16:38:32,940 - GUZHI - INFO - 正在采集WTI和Brent基差...
2019-06-14 16:38:33,570 - GUZHI - INFO - 正在采集WTI和Brent基差...
2019-06-14 16:38:33,658 - GUZHI - INFO - 正在采集开工率...
2019-06-14 16:38:34,314 - GUZHI - INFO - 正在采集库存...
2019-06-14 16:38:34,423 - GUZHI - INFO - 正在采集持仓...
2019-06-14 16:38:36,128 - GUZHI - INFO - 原油信息写入成功!
2019-06-14 16:38:38,965 - JIACHUN - INFO - 正在采集品种分析内容...
2019-06-14 16:38:39,236 - JIACHUN - ERROR - 未获取品种分析页面
2019-06-14 16:38:39,236 - JIACHUN - INFO - 正在采集期货行情...
2019-06-14 16:38:39,472 - JIACHUN - INFO - 正在采集现货行情...
2019-06-14 16:38:40,958 - JIACHUN - INFO - 正在采集基差或PP利润...
2019-06-14 16:38:41,451 - SHUHUA - INFO - 正在采集品种分析内容...
2019-06-14 16:38:41,630 - JIACHUN - INFO - 正在采集价差...
2019-06-14 16:38:41,999 - JIACHUN - INFO - 正在采集净多单...
2019-06-14 16:38:43,193 - JIACHUN - INFO - 正在采集现货库存...
2019-06-14 16:38:43,459 - JIACHUN - INFO - 正在采集基差或PP利润...
2019-06-14 16:38:43,523 - JIACHUN - INFO - 正在采集进口利润...
2019-06-14 16:38:44,817 - SHUHUA - INFO - 正在采集品种分析内容...
2019-06-14 16:38:44,898 - SHUHUA - INFO - 正在采集期货行情...
2019-06-14 16:38:45,435 - JIACHUN - INFO - 甲醇信息写入成功!
2019-06-14 16:38:47,154 - SHUHUA - INFO - 正在采集现货行情...
2019-06-14 16:38:47,632 - SHUHUA - INFO - 正在采集期货行情...
2019-06-14 16:38:48,805 - SHUHUA - INFO - 正在采集现货行情...
2019-06-14 16:38:49,168 - SHUHUA - INFO - 正在采集基差...
2019-06-14 16:38:49,988 - SHUHUA - INFO - 正在采集净多单...
2019-06-14 16:38:51,174 - SHUHUA - INFO - 正在采集现货价格或者现货库存...
2019-06-14 16:38:51,369 - SHUHUA - INFO - 正在采集净多单...
2019-06-14 16:38:51,432 - SHUHUA - INFO - 正在采集现货价格或者现货库存...
2019-06-14 16:38:52,011 - SHUHUA - INFO - 正在采集外盘期货...
2019-06-14 16:38:52,827 - SHUHUA - INFO - 正在采集基差...
2019-06-14 16:38:53,289 - SHUHUA - INFO - 橡胶信息写入成功!
2019-06-14 16:38:53,825 - SHUHUA - INFO - 正在采集价差...
2019-06-14 16:38:53,825 - SHUHUA - INFO - 正在采集现货库存...
2019-06-14 16:38:54,067 - SHUHUA - INFO - 正在采集现货库存...
2019-06-14 16:38:54,409 - SHUHUA - INFO - 正在采集现货库存...
2019-06-14 16:38:55,695 - SHUHUA - INFO - 塑化信息写入成功!
2019-06-14 16:44:18,703 - SHUHUA - INFO - 正在采集品种分析内容...
2019-06-14 16:44:19,158 - SHUHUA - INFO - 正在采集期货行情...
2019-06-14 17:02:04,562 - GUZHI - INFO - 正在采集期货行情...
2019-06-14 17:02:05,665 - GUZHI - INFO - 正在采集期货行情...
2019-06-14 17:02:06,548 - GUZHI - INFO - 正在采集期货行情...
2019-06-14 17:02:07,750 - GUZHI - INFO - 正在采集期货行情...
2019-06-14 17:02:08,938 - GUZHI - INFO - 正在采集净空持仓...
2019-06-14 17:02:09,272 - GUZHI - INFO - 正在采集净空单...
2019-06-14 17:02:10,567 - JIACHUN - INFO - 正在采集品种分析内容...
2019-06-14 17:02:10,809 - JIACHUN - ERROR - 未获取品种分析页面
2019-06-14 17:02:10,809 - JIACHUN - INFO - 正在采集期货行情...
2019-06-14 17:02:11,132 - JIACHUN - INFO - 正在采集现货行情...
2019-06-14 17:02:11,582 - GUZHI - INFO - 正在采集热点板块...
2019-06-14 17:02:12,160 - JIACHUN - INFO - 正在采集基差或PP利润...
2019-06-14 17:02:12,726 - JIACHUN - INFO - 正在采集价差...
2019-06-14 17:02:12,926 - JIACHUN - INFO - 正在采集净多单...
2019-06-14 17:02:14,380 - JIACHUN - INFO - 正在采集现货库存...
2019-06-14 17:02:14,449 - JIACHUN - INFO - 正在采集基差或PP利润...
2019-06-14 17:02:14,713 - JIACHUN - INFO - 正在采集进口利润...
2019-06-14 17:02:18,272 - JIACHUN - INFO - 甲醇信息写入成功!
2019-06-14 17:02:19,992 - SHUHUA - INFO - 正在采集品种分析内容...
2019-06-14 17:02:21,918 - SHUHUA - INFO - 正在采集期货行情...
2019-06-14 17:02:23,766 - SHUHUA - INFO - 正在采集现货行情...
2019-06-14 17:02:25,152 - GUZHI - INFO - 股指信息写入成功!
2019-06-14 17:02:26,173 - SHUHUA - INFO - 正在采集净多单...
2019-06-14 17:02:28,429 - SHUHUA - INFO - 正在采集基差...
2019-06-14 17:02:29,832 - SHUHUA - INFO - 正在采集价差...
2019-06-14 17:02:29,832 - SHUHUA - INFO - 正在采集现货库存...
2019-06-14 17:02:29,953 - SHUHUA - INFO - 正在采集现货库存...
2019-06-14 17:02:30,382 - SHUHUA - INFO - 正在采集现货库存...
2019-06-14 17:02:31,500 - SHUHUA - INFO - 塑化信息写入成功!
2019-06-14 17:02:34,079 - SHUHUA - INFO - 正在采集品种分析内容...
2019-06-14 17:02:36,898 - SHUHUA - INFO - 正在采集期货行情...
2019-06-14 17:02:36,976 - SHUHUA - INFO - 正在采集现货行情...
2019-06-14 17:02:37,599 - SHUHUA - INFO - 正在采集基差...
2019-06-14 17:02:37,800 - SHUHUA - INFO - 正在采集净多单...
2019-06-14 17:02:39,233 - SHUHUA - INFO - 正在采集现货价格或者现货库存...
2019-06-14 17:02:39,303 - SHUHUA - INFO - 正在采集现货价格或者现货库存...
2019-06-14 17:02:39,802 - SHUHUA - INFO - 正在采集外盘期货...
2019-06-14 17:02:40,887 - SHUHUA - INFO - 橡胶信息写入成功!
2019-06-14 17:02:44,933 - GUZHI - INFO - 正在采集品种分析内容...
2019-06-14 17:02:45,162 - GUZHI - ERROR - 未获取品种分析页面
2019-06-14 17:02:45,162 - GUZHI - INFO - 正在采集期货行情...
2019-06-14 17:02:45,705 - GUZHI - INFO - 正在采集现货行情...
2019-06-14 17:02:46,903 - GUZHI - INFO - 正在采集SC基差...
2019-06-14 17:02:47,712 - GUZHI - INFO - 正在采集WTI和Brent基差...
2019-06-14 17:02:47,781 - GUZHI - INFO - 正在采集WTI和Brent基差...
2019-06-14 17:02:48,574 - GUZHI - INFO - 正在采集开工率...
2019-06-14 17:02:48,906 - GUZHI - INFO - 正在采集库存...
2019-06-14 17:02:49,025 - GUZHI - INFO - 正在采集持仓...
2019-06-14 17:02:50,594 - GUZHI - INFO - 原油信息写入成功!
2019-06-14 17:09:36,241 - JIACHUN - INFO - 正在采集品种分析内容...
2019-06-14 17:09:36,526 - JIACHUN - ERROR - 未获取品种分析页面
2019-06-14 17:09:36,526 - JIACHUN - INFO - 正在采集期货行情...
2019-06-14 17:09:36,756 - JIACHUN - INFO - 正在采集现货行情...
2019-06-14 17:09:37,881 - JIACHUN - INFO - 正在采集基差或PP利润...
2019-06-14 17:09:38,532 - JIACHUN - INFO - 正在采集价差...
2019-06-14 17:09:38,675 - JIACHUN - INFO - 正在采集净多单...
2019-06-14 17:09:39,923 - JIACHUN - INFO - 正在采集现货库存...
2019-06-14 17:09:39,983 - JIACHUN - INFO - 正在采集基差或PP利润...
2019-06-14 17:09:40,044 - JIACHUN - INFO - 正在采集进口利润...
2019-06-14 17:09:42,051 - JIACHUN - INFO - 甲醇信息写入成功!
2019-06-14 17:09:47,032 - SHUHUA - INFO - 正在采集品种分析内容...
2019-06-14 17:09:49,992 - SHUHUA - INFO - 正在采集期货行情...
2019-06-14 17:09:51,706 - SHUHUA - INFO - 正在采集现货行情...
2019-06-14 17:09:54,272 - SHUHUA - INFO - 正在采集净多单...
2019-06-14 17:09:55,736 - SHUHUA - INFO - 正在采集基差...
2019-06-14 17:09:56,243 - SHUHUA - INFO - 正在采集价差...
2019-06-14 17:09:56,243 - SHUHUA - INFO - 正在采集现货库存...
2019-06-14 17:09:56,660 - SHUHUA - INFO - 正在采集现货库存...
2019-06-14 17:09:57,051 - SHUHUA - INFO - 正在采集现货库存...
2019-06-14 17:09:58,165 - SHUHUA - INFO - 塑化信息写入成功!
2019-06-14 17:10:28,842 - JIACHUN - INFO - 正在采集品种分析内容...
2019-06-14 17:10:29,073 - JIACHUN - ERROR - 未获取品种分析页面
2019-06-14 17:10:29,073 - JIACHUN - INFO - 正在采集期货行情...
2019-06-14 17:10:29,353 - JIACHUN - INFO - 正在采集现货行情...
2019-06-14 17:10:30,444 - JIACHUN - INFO - 正在采集基差或PP利润...
2019-06-14 17:10:30,779 - JIACHUN - INFO - 正在采集价差...
2019-06-14 17:10:31,188 - JIACHUN - INFO - 正在采集净多单...
2019-06-14 17:10:32,389 - JIACHUN - INFO - 正在采集现货库存...
2019-06-14 17:10:32,442 - JIACHUN - INFO - 正在采集基差或PP利润...
2019-06-14 17:10:32,725 - JIACHUN - INFO - 正在采集进口利润...
2019-06-14 17:10:36,252 - JIACHUN - INFO - 甲醇信息写入成功!
2019-06-14 17:11:00,288 - JIACHUN - INFO - 正在采集品种分析内容...
2019-06-14 17:11:00,299 - JIACHUN - INFO - 正在采集品种分析内容...
2019-06-14 17:11:01,569 - JIACHUN - ERROR - 未获取品种分析页面
2019-06-14 17:11:01,569 - JIACHUN - INFO - 正在采集期货行情...
2019-06-14 17:11:01,831 - JIACHUN - INFO - 正在采集现货行情...
2019-06-14 17:11:03,019 - JIACHUN - INFO - 正在采集基差或PP利润...
2019-06-14 17:11:03,721 - JIACHUN - INFO - 正在采集价差...
2019-06-14 17:11:03,852 - JIACHUN - INFO - 正在采集净多单...
2019-06-14 17:11:04,825 - JIACHUN - ERROR - 未获取品种分析页面
2019-06-14 17:11:04,826 - JIACHUN - INFO - 正在采集期货行情...
2019-06-14 17:11:05,097 - JIACHUN - INFO - 正在采集现货库存...
2019-06-14 17:11:05,183 - JIACHUN - INFO - 正在采集基差或PP利润...
2019-06-14 17:11:05,222 - JIACHUN - INFO - 正在采集现货行情...
2019-06-14 17:11:05,760 - JIACHUN - INFO - 正在采集进口利润...
2019-06-14 17:11:07,582 - JIACHUN - INFO - 正在采集基差或PP利润...
2019-06-14 17:11:08,356 - JIACHUN - INFO - 正在采集价差...
2019-06-14 17:11:08,591 - JIACHUN - INFO - 甲醇信息写入成功!
2019-06-14 17:11:08,784 - JIACHUN - INFO - 正在采集净多单...
2019-06-14 17:11:10,047 - JIACHUN - INFO - 正在采集现货库存...
2019-06-14 17:11:10,098 - JIACHUN - INFO - 正在采集基差或PP利润...
2019-06-14 17:11:10,360 - JIACHUN - INFO - 正在采集进口利润...
2019-06-14 17:11:11,984 - JIACHUN - INFO - 甲醇信息写入成功!
2019-06-14 17:11:37,069 - JIACHUN - INFO - 正在采集品种分析内容...
2019-06-14 17:11:37,310 - JIACHUN - ERROR - 未获取品种分析页面
2019-06-14 17:11:37,311 - JIACHUN - INFO - 正在采集期货行情...
2019-06-14 17:11:37,444 - JIACHUN - INFO - 正在采集现货行情...
2019-06-14 17:11:38,633 - JIACHUN - INFO - 正在采集基差或PP利润...
2019-06-14 17:11:39,057 - JIACHUN - INFO - 正在采集价差...
2019-06-14 17:11:39,491 - JIACHUN - INFO - 正在采集净多单...
2019-06-14 17:11:40,671 - JIACHUN - INFO - 正在采集现货库存...
2019-06-14 17:11:40,723 - JIACHUN - INFO - 正在采集基差或PP利润...
2019-06-14 17:11:41,241 - JIACHUN - INFO - 正在采集进口利润...
2019-06-14 17:11:42,781 - JIACHUN - INFO - 甲醇信息写入成功!
2019-06-14 17:12:38,645 - JIACHUN - INFO - 正在采集品种分析内容...
2019-06-14 17:12:39,145 - JIACHUN - INFO - 正在采集期货行情...
2019-06-14 17:12:39,320 - JIACHUN - INFO - 正在采集现货行情...
2019-06-14 17:12:40,642 - JIACHUN - INFO - 正在采集基差或PP利润...
2019-06-14 17:12:41,117 - JIACHUN - INFO - 正在采集价差...
2019-06-14 17:12:41,561 - JIACHUN - INFO - 正在采集净多单...
2019-06-14 17:12:42,773 - JIACHUN - INFO - 正在采集现货库存...
2019-06-14 17:12:42,833 - JIACHUN - INFO - 正在采集基差或PP利润...
2019-06-14 17:12:43,202 - JIACHUN - INFO - 正在采集进口利润...
2019-06-14 17:12:44,729 - JIACHUN - INFO - 甲醇信息写入成功!
2019-06-14 17:34:52,833 - SHUHUA - INFO - 正在采集品种分析内容...
2019-06-14 17:34:54,943 - SHUHUA - INFO - 正在采集期货行情...
2019-06-14 17:34:56,742 - SHUHUA - INFO - 正在采集现货行情...
2019-06-14 17:34:59,258 - SHUHUA - INFO - 正在采集净多单...
2019-06-14 17:35:01,000 - SHUHUA - INFO - 正在采集基差...
2019-06-14 17:35:02,085 - SHUHUA - INFO - 正在采集价差...
2019-06-14 17:35:02,085 - SHUHUA - INFO - 正在采集现货库存...
2019-06-14 17:35:02,366 - SHUHUA - INFO - 正在采集现货库存...
2019-06-14 17:35:02,557 - SHUHUA - INFO - 正在采集现货库存...
2019-06-14 17:35:03,764 - SHUHUA - INFO - 塑化信息写入成功!
2019-06-14 17:37:59,731 - GUZHI - INFO - 正在采集期货行情...
2019-06-14 17:38:00,258 - GUZHI - INFO - 正在采集期货行情...
2019-06-14 17:38:01,565 - GUZHI - INFO - 正在采集期货行情...
2019-06-14 17:38:02,637 - GUZHI - INFO - 正在采集期货行情...
2019-06-14 17:38:03,824 - GUZHI - INFO - 正在采集净空持仓...
2019-06-14 17:38:05,257 - GUZHI - INFO - 正在采集净空单...
2019-06-14 17:38:06,725 - GUZHI - INFO - 正在采集热点板块...
2019-06-14 17:38:18,505 - GUZHI - INFO - 股指信息写入成功!
