2019-07-10 10:23:20,377 - GUZHI - INFO - 正在采集期货行情...
2019-07-10 10:23:22,837 - GUZHI - INFO - 正在采集期货行情...
2019-07-10 10:23:23,924 - GUZHI - INFO - 正在采集期货行情...
2019-07-10 10:23:25,011 - GUZHI - INFO - 正在采集期货行情...
2019-07-10 10:23:26,129 - GUZHI - INFO - 正在采集净空持仓...
2019-07-10 10:23:27,028 - GUZHI - INFO - 正在采集净空单...
2019-07-10 10:23:30,032 - GUZHI - INFO - 正在采集热点板块...
2019-07-10 10:23:42,621 - GUZHI - INFO - 股指信息写入成功!
2019-07-10 11:11:06,349 - XIANGJIAO - INFO - 正在采集品种分析内容...
2019-07-10 11:11:07,003 - XIANGJIAO - INFO - 正在采集期货行情...
2019-07-10 11:11:07,261 - XIANGJIAO - INFO - 正在采集现货行情...
2019-07-10 11:11:07,584 - XIANGJIAO - INFO - 正在采集基差...
2019-07-10 11:11:08,311 - XIANGJIAO - INFO - 正在采集净多单...
2019-07-10 11:11:09,696 - XIANGJIAO - INFO - 正在采集现货价格或者现货库存...
2019-07-10 11:11:09,776 - XIANGJIAO - INFO - 正在采集现货价格或者现货库存...
2019-07-10 11:11:09,866 - XIANGJIAO - INFO - 正在采集外盘期货...
2019-07-10 11:11:11,153 - XIANGJIAO - INFO - 橡胶信息写入成功!
2019-07-10 16:46:56,760 - JIACHUN - INFO - 正在采集品种分析内容...
2019-07-10 16:46:57,707 - JIACHUN - ERROR - 未获取品种分析页面
2019-07-10 16:46:57,708 - JIACHUN - INFO - 正在采集期货行情...
2019-07-10 16:46:58,506 - JIACHUN - INFO - 正在采集现货行情...
2019-07-10 16:46:59,922 - JIACHUN - INFO - 正在采集基差或PP利润...
2019-07-10 16:47:00,130 - JIACHUN - INFO - 正在采集价差...
2019-07-10 16:47:00,604 - JIACHUN - INFO - 正在采集净多单...
2019-07-10 16:47:02,203 - JIACHUN - INFO - 正在采集现货库存...
2019-07-10 16:47:02,412 - JIACHUN - INFO - 正在采集基差或PP利润...
2019-07-10 16:47:03,121 - JIACHUN - INFO - 正在采集进口利润...
2019-07-10 16:47:05,643 - JIACHUN - INFO - 甲醇信息写入成功!
